{"/home/sergio/Documents/feup/mesw/les/project/backend/env.ts": {"path":"/home/sergio/Documents/feup/mesw/les/project/backend/env.ts","statementMap":{"0":{"start":{"line":1,"column":0},"end":{"line":1,"column":28}},"1":{"start":{"line":2,"column":0},"end":{"line":2,"column":24}},"2":{"start":{"line":4,"column":0},"end":{"line":4,"column":16}},"3":{"start":{"line":6,"column":18},"end":{"line":20,"column":2}},"4":{"start":{"line":24,"column":18},"end":{"line":24,"column":50}},"5":{"start":{"line":26,"column":0},"end":{"line":30,"column":1}},"6":{"start":{"line":27,"column":2},"end":{"line":29,"column":4}},"7":{"start":{"line":32,"column":0},"end":{"line":37,"column":2}},"8":{"start":{"line":39,"column":0},"end":{"line":39,"column":49}},"9":{"start":{"line":41,"column":0},"end":{"line":41,"column":30}}},"fnMap":{},"branchMap":{"0":{"loc":{"start":{"line":26,"column":0},"end":{"line":30,"column":1}},"type":"if","locations":[{"start":{"line":26,"column":0},"end":{"line":30,"column":1}}]},"1":{"loc":{"start":{"line":35,"column":4},"end":{"line":36,"column":180}},"type":"cond-expr","locations":[{"start":{"line":35,"column":31},"end":{"line":35,"column":null}},{"start":{"line":36,"column":4},"end":{"line":36,"column":180}}]},"2":{"loc":{"start":{"line":35,"column":4},"end":{"line":35,"column":null}},"type":"binary-expr","locations":[{"start":{"line":35,"column":4},"end":{"line":35,"column":null}},{"start":{"line":35,"column":31},"end":{"line":35,"column":null}}]}},"s":{"0":3,"1":3,"2":3,"3":3,"4":3,"5":3,"6":0,"7":3,"8":3,"9":3},"f":{},"b":{"0":[0],"1":[0,3],"2":[3,3]}}
,"/home/sergio/Documents/feup/mesw/les/project/backend/src/index.ts": {"path":"/home/sergio/Documents/feup/mesw/les/project/backend/src/index.ts","statementMap":{"0":{"start":{"line":1,"column":0},"end":{"line":1,"column":43}},"1":{"start":{"line":2,"column":0},"end":{"line":2,"column":25}},"2":{"start":{"line":3,"column":0},"end":{"line":3,"column":41}},"3":{"start":{"line":4,"column":0},"end":{"line":4,"column":38}},"4":{"start":{"line":6,"column":0},"end":{"line":6,"column":24}},"5":{"start":{"line":7,"column":0},"end":{"line":7,"column":40}},"6":{"start":{"line":8,"column":0},"end":{"line":8,"column":39}},"7":{"start":{"line":9,"column":0},"end":{"line":9,"column":48}},"8":{"start":{"line":10,"column":0},"end":{"line":10,"column":45}},"9":{"start":{"line":11,"column":0},"end":{"line":11,"column":41}},"10":{"start":{"line":12,"column":0},"end":{"line":12,"column":51}},"11":{"start":{"line":14,"column":0},"end":{"line":14,"column":47}},"12":{"start":{"line":15,"column":0},"end":{"line":15,"column":41}},"13":{"start":{"line":17,"column":0},"end":{"line":17,"column":43}},"14":{"start":{"line":18,"column":0},"end":{"line":18,"column":49}},"15":{"start":{"line":19,"column":0},"end":{"line":19,"column":57}},"16":{"start":{"line":20,"column":25},"end":{"line":20,"column":27}},"17":{"start":{"line":22,"column":21},"end":{"line":22,"column":30}},"18":{"start":{"line":61,"column":9},"end":{"line":61,"column":12}},"19":{"start":{"line":23,"column":13},"end":{"line":23,"column":41}},"20":{"start":{"line":25,"column":0},"end":{"line":25,"column":27}},"21":{"start":{"line":26,"column":0},"end":{"line":26,"column":25}},"22":{"start":{"line":27,"column":0},"end":{"line":27,"column":48}},"23":{"start":{"line":28,"column":0},"end":{"line":28,"column":24}},"24":{"start":{"line":29,"column":0},"end":{"line":29,"column":24}},"25":{"start":{"line":31,"column":26},"end":{"line":36,"column":2}},"26":{"start":{"line":38,"column":0},"end":{"line":38,"column":27}},"27":{"start":{"line":40,"column":0},"end":{"line":40,"column":33}},"28":{"start":{"line":43,"column":0},"end":{"line":43,"column":67}},"29":{"start":{"line":46,"column":0},"end":{"line":46,"column":25}},"30":{"start":{"line":48,"column":0},"end":{"line":48,"column":36}},"31":{"start":{"line":49,"column":0},"end":{"line":49,"column":35}},"32":{"start":{"line":50,"column":0},"end":{"line":50,"column":45}},"33":{"start":{"line":51,"column":0},"end":{"line":51,"column":38}},"34":{"start":{"line":52,"column":0},"end":{"line":52,"column":50}},"35":{"start":{"line":53,"column":0},"end":{"line":53,"column":35}},"36":{"start":{"line":55,"column":0},"end":{"line":55,"column":41}},"37":{"start":{"line":57,"column":15},"end":{"line":59,"column":2}},"38":{"start":{"line":58,"column":2},"end":{"line":58,"column":73}},"39":{"start":{"line":61,"column":14},"end":{"line":61,"column":20}}},"fnMap":{"0":{"name":"(anonymous_1)","decl":{"start":{"line":57,"column":32},"end":{"line":57,"column":37}},"loc":{"start":{"line":57,"column":43},"end":{"line":59,"column":1}}}},"branchMap":{"0":{"loc":{"start":{"line":23,"column":13},"end":{"line":23,"column":41}},"type":"cond-expr","locations":[{"start":{"line":23,"column":33},"end":{"line":23,"column":37}},{"start":{"line":23,"column":37},"end":{"line":23,"column":41}}]},"1":{"loc":{"start":{"line":23,"column":13},"end":{"line":23,"column":37}},"type":"binary-expr","locations":[{"start":{"line":23,"column":13},"end":{"line":23,"column":37}},{"start":{"line":23,"column":33},"end":{"line":23,"column":37}}]}},"s":{"0":1,"1":1,"2":1,"3":1,"4":1,"5":1,"6":1,"7":1,"8":1,"9":1,"10":1,"11":1,"12":1,"13":1,"14":1,"15":1,"16":1,"17":1,"18":1,"19":1,"20":1,"21":1,"22":1,"23":1,"24":1,"25":1,"26":1,"27":1,"28":1,"29":1,"30":1,"31":1,"32":1,"33":1,"34":1,"35":1,"36":1,"37":1,"38":1,"39":1},"f":{"0":1},"b":{"0":[1,0],"1":[1,1]}}
,"/home/sergio/Documents/feup/mesw/les/project/backend/src/config/cors.ts": {"path":"/home/sergio/Documents/feup/mesw/les/project/backend/src/config/cors.ts","statementMap":{"0":{"start":{"line":3,"column":0},"end":{"line":3,"column":28}},"1":{"start":{"line":5,"column":33},"end":{"line":8,"column":2}},"2":{"start":{"line":10,"column":0},"end":{"line":10,"column":27}}},"fnMap":{},"branchMap":{},"s":{"0":1,"1":1,"2":1},"f":{},"b":{}}
,"/home/sergio/Documents/feup/mesw/les/project/backend/src/controllers/album.ts": {"path":"/home/sergio/Documents/feup/mesw/les/project/backend/src/controllers/album.ts","statementMap":{"0":{"start":{"line":2,"column":0},"end":{"line":2,"column":24}},"1":{"start":{"line":3,"column":0},"end":{"line":3,"column":68}},"2":{"start":{"line":4,"column":0},"end":{"line":4,"column":62}},"3":{"start":{"line":5,"column":0},"end":{"line":5,"column":26}},"4":{"start":{"line":7,"column":22},"end":{"line":15,"column":2}},"5":{"start":{"line":17,"column":21},"end":{"line":72,"column":1}},"6":{"start":{"line":26,"column":6},"end":{"line":26,"column":36}},"7":{"start":{"line":28,"column":17},"end":{"line":28,"column":51}},"8":{"start":{"line":30,"column":51},"end":{"line":32,"column":4}},"9":{"start":{"line":34,"column":2},"end":{"line":38,"column":3}},"10":{"start":{"line":35,"column":4},"end":{"line":35,"column":48}},"11":{"start":{"line":37,"column":4},"end":{"line":37,"column":47}},"12":{"start":{"line":40,"column":2},"end":{"line":53,"column":3}},"13":{"start":{"line":41,"column":20},"end":{"line":46,"column":6}},"14":{"start":{"line":48,"column":4},"end":{"line":51,"column":5}},"15":{"start":{"line":49,"column":6},"end":{"line":49,"column":56}},"16":{"start":{"line":50,"column":6},"end":{"line":50,"column":13}},"17":{"start":{"line":52,"column":4},"end":{"line":52,"column":60}},"18":{"start":{"line":55,"column":20},"end":{"line":69,"column":4}},"19":{"start":{"line":71,"column":2},"end":{"line":71,"column":38}},"20":{"start":{"line":74,"column":30},"end":{"line":78,"column":2}},"21":{"start":{"line":80,"column":20},"end":{"line":149,"column":1}},"22":{"start":{"line":81,"column":17},"end":{"line":81,"column":58}},"23":{"start":{"line":83,"column":2},"end":{"line":86,"column":3}},"24":{"start":{"line":84,"column":4},"end":{"line":84,"column":59}},"25":{"start":{"line":85,"column":4},"end":{"line":85,"column":11}},"26":{"start":{"line":88,"column":45},"end":{"line":88,"column":56}},"27":{"start":{"line":90,"column":19},"end":{"line":90,"column":36}},"28":{"start":{"line":92,"column":18},"end":{"line":97,"column":4}},"29":{"start":{"line":99,"column":2},"end":{"line":102,"column":3}},"30":{"start":{"line":100,"column":4},"end":{"line":100,"column":54}},"31":{"start":{"line":101,"column":4},"end":{"line":101,"column":11}},"32":{"start":{"line":104,"column":2},"end":{"line":107,"column":3}},"33":{"start":{"line":105,"column":4},"end":{"line":105,"column":54}},"34":{"start":{"line":106,"column":4},"end":{"line":106,"column":11}},"35":{"start":{"line":109,"column":20},"end":{"line":109,"column":28}},"36":{"start":{"line":111,"column":2},"end":{"line":114,"column":3}},"37":{"start":{"line":112,"column":4},"end":{"line":112,"column":64}},"38":{"start":{"line":113,"column":4},"end":{"line":113,"column":11}},"39":{"start":{"line":116,"column":2},"end":{"line":148,"column":5}},"40":{"start":{"line":117,"column":18},"end":{"line":125,"column":18}},"41":{"start":{"line":127,"column":4},"end":{"line":130,"column":5}},"42":{"start":{"line":128,"column":6},"end":{"line":128,"column":66}},"43":{"start":{"line":129,"column":6},"end":{"line":129,"column":13}},"44":{"start":{"line":132,"column":4},"end":{"line":145,"column":5}},"45":{"start":{"line":133,"column":27},"end":{"line":139,"column":20}},"46":{"start":{"line":141,"column":6},"end":{"line":144,"column":7}},"47":{"start":{"line":142,"column":8},"end":{"line":142,"column":77}},"48":{"start":{"line":143,"column":8},"end":{"line":143,"column":15}},"49":{"start":{"line":147,"column":4},"end":{"line":147,"column":69}},"50":{"start":{"line":151,"column":0},"end":{"line":154,"column":2}}},"fnMap":{"0":{"name":"(anonymous_0)","decl":{"start":{"line":17,"column":21},"end":{"line":17,"column":26}},"loc":{"start":{"line":17,"column":74},"end":{"line":72,"column":1}}},"1":{"name":"(anonymous_1)","decl":{"start":{"line":80,"column":20},"end":{"line":80,"column":25}},"loc":{"start":{"line":80,"column":73},"end":{"line":149,"column":1}}},"2":{"name":"(anonymous_2)","decl":{"start":{"line":116,"column":23},"end":{"line":116,"column":28}},"loc":{"start":{"line":116,"column":37},"end":{"line":148,"column":3}}}},"branchMap":{"0":{"loc":{"start":{"line":19,"column":4},"end":{"line":19,"column":12}},"type":"default-arg","locations":[{"start":{"line":19,"column":11},"end":{"line":19,"column":12}}]},"1":{"loc":{"start":{"line":20,"column":4},"end":{"line":20,"column":14}},"type":"default-arg","locations":[{"start":{"line":20,"column":12},"end":{"line":20,"column":14}}]},"2":{"loc":{"start":{"line":21,"column":4},"end":{"line":21,"column":15}},"type":"default-arg","locations":[{"start":{"line":21,"column":13},"end":{"line":21,"column":15}}]},"3":{"loc":{"start":{"line":22,"column":4},"end":{"line":22,"column":24}},"type":"default-arg","locations":[{"start":{"line":22,"column":13},"end":{"line":22,"column":24}}]},"4":{"loc":{"start":{"line":23,"column":4},"end":{"line":23,"column":17}},"type":"default-arg","locations":[{"start":{"line":23,"column":12},"end":{"line":23,"column":17}}]},"5":{"loc":{"start":{"line":24,"column":13},"end":{"line":24,"column":32}},"type":"default-arg","locations":[{"start":{"line":24,"column":25},"end":{"line":24,"column":32}}]},"6":{"loc":{"start":{"line":25,"column":14},"end":{"line":25,"column":34}},"type":"default-arg","locations":[{"start":{"line":25,"column":27},"end":{"line":25,"column":34}}]},"7":{"loc":{"start":{"line":34,"column":2},"end":{"line":38,"column":3}},"type":"if","locations":[{"start":{"line":34,"column":2},"end":{"line":38,"column":3}},{"start":{"line":36,"column":9},"end":{"line":38,"column":3}}]},"8":{"loc":{"start":{"line":40,"column":2},"end":{"line":53,"column":3}},"type":"if","locations":[{"start":{"line":40,"column":2},"end":{"line":53,"column":3}}]},"9":{"loc":{"start":{"line":48,"column":4},"end":{"line":51,"column":5}},"type":"if","locations":[{"start":{"line":48,"column":4},"end":{"line":51,"column":5}}]},"10":{"loc":{"start":{"line":56,"column":14},"end":{"line":56,"column":74}},"type":"cond-expr","locations":[{"start":{"line":56,"column":32},"end":{"line":56,"column":51}},{"start":{"line":56,"column":54},"end":{"line":56,"column":74}}]},"11":{"loc":{"start":{"line":83,"column":2},"end":{"line":86,"column":3}},"type":"if","locations":[{"start":{"line":83,"column":2},"end":{"line":86,"column":3}}]},"12":{"loc":{"start":{"line":99,"column":2},"end":{"line":102,"column":3}},"type":"if","locations":[{"start":{"line":99,"column":2},"end":{"line":102,"column":3}}]},"13":{"loc":{"start":{"line":104,"column":2},"end":{"line":107,"column":3}},"type":"if","locations":[{"start":{"line":104,"column":2},"end":{"line":107,"column":3}}]},"14":{"loc":{"start":{"line":111,"column":2},"end":{"line":114,"column":3}},"type":"if","locations":[{"start":{"line":111,"column":2},"end":{"line":114,"column":3}}]},"15":{"loc":{"start":{"line":127,"column":4},"end":{"line":130,"column":5}},"type":"if","locations":[{"start":{"line":127,"column":4},"end":{"line":130,"column":5}}]},"16":{"loc":{"start":{"line":141,"column":6},"end":{"line":144,"column":7}},"type":"if","locations":[{"start":{"line":141,"column":6},"end":{"line":144,"column":7}}]}},"s":{"0":1,"1":1,"2":1,"3":1,"4":1,"5":1,"6":0,"7":0,"8":0,"9":0,"10":0,"11":0,"12":0,"13":0,"14":0,"15":0,"16":0,"17":0,"18":0,"19":0,"20":1,"21":1,"22":0,"23":0,"24":0,"25":0,"26":0,"27":0,"28":0,"29":0,"30":0,"31":0,"32":0,"33":0,"34":0,"35":0,"36":0,"37":0,"38":0,"39":0,"40":0,"41":0,"42":0,"43":0,"44":0,"45":0,"46":0,"47":0,"48":0,"49":0,"50":1},"f":{"0":0,"1":0,"2":0},"b":{"0":[0],"1":[0],"2":[0],"3":[0],"4":[0],"5":[0],"6":[0],"7":[0,0],"8":[0],"9":[0],"10":[0,0],"11":[0],"12":[0],"13":[0],"14":[0],"15":[0],"16":[0]}}
,"/home/sergio/Documents/feup/mesw/les/project/backend/src/controllers/auth.ts": {"path":"/home/sergio/Documents/feup/mesw/les/project/backend/src/controllers/auth.ts","statementMap":{"0":{"start":{"line":2,"column":0},"end":{"line":2,"column":30}},"1":{"start":{"line":3,"column":0},"end":{"line":3,"column":24}},"2":{"start":{"line":4,"column":0},"end":{"line":4,"column":26}},"3":{"start":{"line":5,"column":0},"end":{"line":5,"column":33}},"4":{"start":{"line":6,"column":0},"end":{"line":6,"column":57}},"5":{"start":{"line":8,"column":20},"end":{"line":11,"column":2}},"6":{"start":{"line":13,"column":15},"end":{"line":58,"column":1}},"7":{"start":{"line":14,"column":2},"end":{"line":57,"column":3}},"8":{"start":{"line":15,"column":19},"end":{"line":15,"column":50}},"9":{"start":{"line":17,"column":4},"end":{"line":20,"column":5}},"10":{"start":{"line":18,"column":6},"end":{"line":18,"column":54}},"11":{"start":{"line":19,"column":6},"end":{"line":19,"column":13}},"12":{"start":{"line":22,"column":32},"end":{"line":22,"column":43}},"13":{"start":{"line":24,"column":17},"end":{"line":26,"column":6}},"14":{"start":{"line":28,"column":4},"end":{"line":31,"column":5}},"15":{"start":{"line":29,"column":6},"end":{"line":29,"column":60}},"16":{"start":{"line":30,"column":6},"end":{"line":30,"column":13}},"17":{"start":{"line":33,"column":26},"end":{"line":33,"column":71}},"18":{"start":{"line":35,"column":4},"end":{"line":38,"column":5}},"19":{"start":{"line":36,"column":6},"end":{"line":36,"column":66}},"20":{"start":{"line":37,"column":6},"end":{"line":37,"column":13}},"21":{"start":{"line":41,"column":4},"end":{"line":41,"column":67}},"22":{"start":{"line":44,"column":4},"end":{"line":48,"column":7}},"23":{"start":{"line":51,"column":58},"end":{"line":51,"column":62}},"24":{"start":{"line":51,"column":53},"end":{"line":51,"column":58}},"25":{"start":{"line":53,"column":4},"end":{"line":53,"column":76}},"26":{"start":{"line":55,"column":4},"end":{"line":55,"column":23}},"27":{"start":{"line":56,"column":4},"end":{"line":56,"column":63}},"28":{"start":{"line":60,"column":21},"end":{"line":93,"column":4}},"29":{"start":{"line":90,"column":20},"end":{"line":90,"column":58}},"30":{"start":{"line":95,"column":15},"end":{"line":144,"column":1}},"31":{"start":{"line":96,"column":2},"end":{"line":143,"column":3}},"32":{"start":{"line":97,"column":19},"end":{"line":97,"column":51}},"33":{"start":{"line":99,"column":4},"end":{"line":102,"column":5}},"34":{"start":{"line":100,"column":6},"end":{"line":100,"column":54}},"35":{"start":{"line":101,"column":6},"end":{"line":101,"column":13}},"36":{"start":{"line":104,"column":32},"end":{"line":104,"column":43}},"37":{"start":{"line":106,"column":17},"end":{"line":108,"column":6}},"38":{"start":{"line":110,"column":4},"end":{"line":113,"column":5}},"39":{"start":{"line":111,"column":6},"end":{"line":111,"column":65}},"40":{"start":{"line":112,"column":6},"end":{"line":112,"column":13}},"41":{"start":{"line":115,"column":27},"end":{"line":115,"column":58}},"42":{"start":{"line":117,"column":4},"end":{"line":120,"column":7}},"43":{"start":{"line":122,"column":20},"end":{"line":124,"column":6}},"44":{"start":{"line":125,"column":4},"end":{"line":128,"column":5}},"45":{"start":{"line":126,"column":6},"end":{"line":126,"column":65}},"46":{"start":{"line":127,"column":6},"end":{"line":127,"column":13}},"47":{"start":{"line":129,"column":4},"end":{"line":132,"column":7}},"48":{"start":{"line":135,"column":58},"end":{"line":135,"column":65}},"49":{"start":{"line":135,"column":53},"end":{"line":135,"column":58}},"50":{"start":{"line":137,"column":4},"end":{"line":139,"column":68}},"51":{"start":{"line":141,"column":4},"end":{"line":141,"column":23}},"52":{"start":{"line":142,"column":4},"end":{"line":142,"column":63}},"53":{"start":{"line":146,"column":16},"end":{"line":149,"column":1}},"54":{"start":{"line":147,"column":2},"end":{"line":147,"column":74}},"55":{"start":{"line":148,"column":2},"end":{"line":148,"column":48}},"56":{"start":{"line":151,"column":19},"end":{"line":186,"column":1}},"57":{"start":{"line":152,"column":2},"end":{"line":185,"column":3}},"58":{"start":{"line":153,"column":20},"end":{"line":174,"column":6}},"59":{"start":{"line":176,"column":4},"end":{"line":179,"column":5}},"60":{"start":{"line":177,"column":6},"end":{"line":177,"column":29}},"61":{"start":{"line":178,"column":6},"end":{"line":178,"column":13}},"62":{"start":{"line":181,"column":4},"end":{"line":181,"column":49}},"63":{"start":{"line":183,"column":4},"end":{"line":183,"column":23}},"64":{"start":{"line":184,"column":4},"end":{"line":184,"column":63}},"65":{"start":{"line":188,"column":0},"end":{"line":193,"column":2}}},"fnMap":{"0":{"name":"(anonymous_2)","decl":{"start":{"line":13,"column":15},"end":{"line":13,"column":20}},"loc":{"start":{"line":13,"column":68},"end":{"line":58,"column":1}}},"1":{"name":"(anonymous_3)","decl":{"start":{"line":90,"column":10},"end":{"line":90,"column":11}},"loc":{"start":{"line":90,"column":20},"end":{"line":90,"column":58}}},"2":{"name":"(anonymous_4)","decl":{"start":{"line":95,"column":15},"end":{"line":95,"column":20}},"loc":{"start":{"line":95,"column":68},"end":{"line":144,"column":1}}},"3":{"name":"(anonymous_5)","decl":{"start":{"line":146,"column":16},"end":{"line":146,"column":21}},"loc":{"start":{"line":146,"column":69},"end":{"line":149,"column":1}}},"4":{"name":"(anonymous_6)","decl":{"start":{"line":151,"column":19},"end":{"line":151,"column":24}},"loc":{"start":{"line":151,"column":72},"end":{"line":186,"column":1}}}},"branchMap":{"0":{"loc":{"start":{"line":17,"column":4},"end":{"line":20,"column":5}},"type":"if","locations":[{"start":{"line":17,"column":4},"end":{"line":20,"column":5}}]},"1":{"loc":{"start":{"line":28,"column":4},"end":{"line":31,"column":5}},"type":"if","locations":[{"start":{"line":28,"column":4},"end":{"line":31,"column":5}}]},"2":{"loc":{"start":{"line":35,"column":4},"end":{"line":38,"column":5}},"type":"if","locations":[{"start":{"line":35,"column":4},"end":{"line":38,"column":5}}]},"3":{"loc":{"start":{"line":99,"column":4},"end":{"line":102,"column":5}},"type":"if","locations":[{"start":{"line":99,"column":4},"end":{"line":102,"column":5}}]},"4":{"loc":{"start":{"line":110,"column":4},"end":{"line":113,"column":5}},"type":"if","locations":[{"start":{"line":110,"column":4},"end":{"line":113,"column":5}}]},"5":{"loc":{"start":{"line":125,"column":4},"end":{"line":128,"column":5}},"type":"if","locations":[{"start":{"line":125,"column":4},"end":{"line":128,"column":5}}]},"6":{"loc":{"start":{"line":176,"column":4},"end":{"line":179,"column":5}},"type":"if","locations":[{"start":{"line":176,"column":4},"end":{"line":179,"column":5}}]}},"s":{"0":1,"1":1,"2":1,"3":1,"4":1,"5":1,"6":1,"7":5,"8":5,"9":5,"10":1,"11":1,"12":4,"13":4,"14":3,"15":1,"16":1,"17":2,"18":2,"19":1,"20":1,"21":1,"22":1,"23":1,"24":1,"25":1,"26":1,"27":1,"28":1,"29":5,"30":1,"31":5,"32":5,"33":5,"34":2,"35":2,"36":3,"37":3,"38":2,"39":1,"40":1,"41":1,"42":1,"43":1,"44":1,"45":0,"46":0,"47":1,"48":1,"49":1,"50":1,"51":1,"52":1,"53":1,"54":0,"55":0,"56":1,"57":3,"58":3,"59":2,"60":1,"61":1,"62":1,"63":1,"64":1,"65":1},"f":{"0":5,"1":5,"2":5,"3":0,"4":3},"b":{"0":[1],"1":[1],"2":[1],"3":[2],"4":[1],"5":[0],"6":[1]}}
,"/home/sergio/Documents/feup/mesw/les/project/backend/src/controllers/followers.ts": {"path":"/home/sergio/Documents/feup/mesw/les/project/backend/src/controllers/followers.ts","statementMap":{"0":{"start":{"line":2,"column":0},"end":{"line":2,"column":26}},"1":{"start":{"line":3,"column":0},"end":{"line":3,"column":47}},"2":{"start":{"line":4,"column":0},"end":{"line":4,"column":38}},"3":{"start":{"line":5,"column":0},"end":{"line":5,"column":24}},"4":{"start":{"line":7,"column":21},"end":{"line":10,"column":2}},"5":{"start":{"line":12,"column":26},"end":{"line":55,"column":1}},"6":{"start":{"line":16,"column":17},"end":{"line":16,"column":49}},"7":{"start":{"line":18,"column":2},"end":{"line":21,"column":3}},"8":{"start":{"line":19,"column":4},"end":{"line":19,"column":59}},"9":{"start":{"line":20,"column":4},"end":{"line":20,"column":11}},"10":{"start":{"line":23,"column":37},"end":{"line":23,"column":48}},"11":{"start":{"line":25,"column":2},"end":{"line":28,"column":3}},"12":{"start":{"line":26,"column":4},"end":{"line":26,"column":72}},"13":{"start":{"line":27,"column":4},"end":{"line":27,"column":11}},"14":{"start":{"line":30,"column":31},"end":{"line":33,"column":4}},"15":{"start":{"line":35,"column":2},"end":{"line":38,"column":3}},"16":{"start":{"line":36,"column":4},"end":{"line":36,"column":59}},"17":{"start":{"line":37,"column":4},"end":{"line":37,"column":11}},"18":{"start":{"line":40,"column":25},"end":{"line":45,"column":4}},"19":{"start":{"line":47,"column":2},"end":{"line":50,"column":3}},"20":{"start":{"line":48,"column":4},"end":{"line":48,"column":69}},"21":{"start":{"line":49,"column":4},"end":{"line":49,"column":11}},"22":{"start":{"line":52,"column":2},"end":{"line":52,"column":64}},"23":{"start":{"line":54,"column":2},"end":{"line":54,"column":70}},"24":{"start":{"line":12,"column":13},"end":{"line":12,"column":26}},"25":{"start":{"line":57,"column":28},"end":{"line":97,"column":1}},"26":{"start":{"line":61,"column":17},"end":{"line":61,"column":49}},"27":{"start":{"line":63,"column":2},"end":{"line":66,"column":3}},"28":{"start":{"line":64,"column":4},"end":{"line":64,"column":59}},"29":{"start":{"line":65,"column":4},"end":{"line":65,"column":11}},"30":{"start":{"line":68,"column":37},"end":{"line":68,"column":48}},"31":{"start":{"line":70,"column":2},"end":{"line":73,"column":3}},"32":{"start":{"line":71,"column":4},"end":{"line":71,"column":74}},"33":{"start":{"line":72,"column":4},"end":{"line":72,"column":11}},"34":{"start":{"line":75,"column":25},"end":{"line":80,"column":4}},"35":{"start":{"line":82,"column":2},"end":{"line":85,"column":3}},"36":{"start":{"line":83,"column":4},"end":{"line":83,"column":71}},"37":{"start":{"line":84,"column":4},"end":{"line":84,"column":11}},"38":{"start":{"line":87,"column":2},"end":{"line":94,"column":6}},"39":{"start":{"line":96,"column":2},"end":{"line":96,"column":72}},"40":{"start":{"line":57,"column":13},"end":{"line":57,"column":28}}},"fnMap":{"0":{"name":"(anonymous_0)","decl":{"start":{"line":12,"column":26},"end":{"line":12,"column":31}},"loc":{"start":{"line":15,"column":19},"end":{"line":55,"column":1}}},"1":{"name":"(anonymous_1)","decl":{"start":{"line":57,"column":28},"end":{"line":57,"column":33}},"loc":{"start":{"line":60,"column":19},"end":{"line":97,"column":1}}}},"branchMap":{"0":{"loc":{"start":{"line":18,"column":2},"end":{"line":21,"column":3}},"type":"if","locations":[{"start":{"line":18,"column":2},"end":{"line":21,"column":3}}]},"1":{"loc":{"start":{"line":25,"column":2},"end":{"line":28,"column":3}},"type":"if","locations":[{"start":{"line":25,"column":2},"end":{"line":28,"column":3}}]},"2":{"loc":{"start":{"line":35,"column":2},"end":{"line":38,"column":3}},"type":"if","locations":[{"start":{"line":35,"column":2},"end":{"line":38,"column":3}}]},"3":{"loc":{"start":{"line":35,"column":6},"end":{"line":35,"column":28}},"type":"binary-expr","locations":[{"start":{"line":35,"column":6},"end":{"line":35,"column":15}},{"start":{"line":35,"column":19},"end":{"line":35,"column":28}}]},"4":{"loc":{"start":{"line":47,"column":2},"end":{"line":50,"column":3}},"type":"if","locations":[{"start":{"line":47,"column":2},"end":{"line":50,"column":3}}]},"5":{"loc":{"start":{"line":63,"column":2},"end":{"line":66,"column":3}},"type":"if","locations":[{"start":{"line":63,"column":2},"end":{"line":66,"column":3}}]},"6":{"loc":{"start":{"line":70,"column":2},"end":{"line":73,"column":3}},"type":"if","locations":[{"start":{"line":70,"column":2},"end":{"line":73,"column":3}}]},"7":{"loc":{"start":{"line":82,"column":2},"end":{"line":85,"column":3}},"type":"if","locations":[{"start":{"line":82,"column":2},"end":{"line":85,"column":3}}]}},"s":{"0":1,"1":1,"2":1,"3":1,"4":1,"5":1,"6":0,"7":0,"8":0,"9":0,"10":0,"11":0,"12":0,"13":0,"14":0,"15":0,"16":0,"17":0,"18":0,"19":0,"20":0,"21":0,"22":0,"23":0,"24":1,"25":1,"26":0,"27":0,"28":0,"29":0,"30":0,"31":0,"32":0,"33":0,"34":0,"35":0,"36":0,"37":0,"38":0,"39":0,"40":1},"f":{"0":0,"1":0},"b":{"0":[0],"1":[0],"2":[0],"3":[0,0],"4":[0],"5":[0],"6":[0],"7":[0]}}
,"/home/sergio/Documents/feup/mesw/les/project/backend/src/controllers/livestream.ts": {"path":"/home/sergio/Documents/feup/mesw/les/project/backend/src/controllers/livestream.ts","statementMap":{"0":{"start":{"line":4,"column":0},"end":{"line":4,"column":26}},"1":{"start":{"line":5,"column":0},"end":{"line":5,"column":49}},"2":{"start":{"line":6,"column":0},"end":{"line":6,"column":44}},"3":{"start":{"line":8,"column":0},"end":{"line":8,"column":68}},"4":{"start":{"line":10,"column":0},"end":{"line":10,"column":20}},"5":{"start":{"line":150,"column":22},"end":{"line":156,"column":2}},"6":{"start":{"line":158,"column":27},"end":{"line":195,"column":1}},"7":{"start":{"line":168,"column":6},"end":{"line":168,"column":36}},"8":{"start":{"line":170,"column":17},"end":{"line":170,"column":51}},"9":{"start":{"line":172,"column":51},"end":{"line":174,"column":4}},"10":{"start":{"line":176,"column":25},"end":{"line":192,"column":4}},"11":{"start":{"line":194,"column":2},"end":{"line":194,"column":43}},"12":{"start":{"line":197,"column":25},"end":{"line":235,"column":1}},"13":{"start":{"line":198,"column":22},"end":{"line":198,"column":30}},"14":{"start":{"line":200,"column":2},"end":{"line":203,"column":3}},"15":{"start":{"line":201,"column":4},"end":{"line":201,"column":66}},"16":{"start":{"line":202,"column":4},"end":{"line":202,"column":11}},"17":{"start":{"line":205,"column":18},"end":{"line":214,"column":4}},"18":{"start":{"line":216,"column":2},"end":{"line":219,"column":3}},"19":{"start":{"line":217,"column":4},"end":{"line":217,"column":54}},"20":{"start":{"line":218,"column":4},"end":{"line":218,"column":11}},"21":{"start":{"line":221,"column":15},"end":{"line":227,"column":16}},"22":{"start":{"line":229,"column":2},"end":{"line":232,"column":3}},"23":{"start":{"line":230,"column":4},"end":{"line":230,"column":63}},"24":{"start":{"line":231,"column":4},"end":{"line":231,"column":11}},"25":{"start":{"line":234,"column":2},"end":{"line":234,"column":48}},"26":{"start":{"line":237,"column":22},"end":{"line":264,"column":1}},"27":{"start":{"line":238,"column":22},"end":{"line":238,"column":32}},"28":{"start":{"line":240,"column":2},"end":{"line":243,"column":3}},"29":{"start":{"line":241,"column":4},"end":{"line":241,"column":66}},"30":{"start":{"line":242,"column":4},"end":{"line":242,"column":11}},"31":{"start":{"line":245,"column":15},"end":{"line":256,"column":4}},"32":{"start":{"line":258,"column":2},"end":{"line":261,"column":3}},"33":{"start":{"line":259,"column":4},"end":{"line":259,"column":62}},"34":{"start":{"line":260,"column":4},"end":{"line":260,"column":11}},"35":{"start":{"line":263,"column":2},"end":{"line":263,"column":45}},"36":{"start":{"line":266,"column":25},"end":{"line":285,"column":1}},"37":{"start":{"line":267,"column":22},"end":{"line":267,"column":32}},"38":{"start":{"line":269,"column":2},"end":{"line":272,"column":3}},"39":{"start":{"line":270,"column":4},"end":{"line":270,"column":66}},"40":{"start":{"line":271,"column":4},"end":{"line":271,"column":11}},"41":{"start":{"line":274,"column":28},"end":{"line":277,"column":16}},"42":{"start":{"line":279,"column":2},"end":{"line":282,"column":3}},"43":{"start":{"line":280,"column":4},"end":{"line":280,"column":62}},"44":{"start":{"line":281,"column":4},"end":{"line":281,"column":11}},"45":{"start":{"line":284,"column":2},"end":{"line":284,"column":58}},"46":{"start":{"line":287,"column":0},"end":{"line":292,"column":2}}},"fnMap":{"0":{"name":"(anonymous_1)","decl":{"start":{"line":158,"column":27},"end":{"line":158,"column":32}},"loc":{"start":{"line":161,"column":19},"end":{"line":195,"column":1}}},"1":{"name":"(anonymous_2)","decl":{"start":{"line":197,"column":25},"end":{"line":197,"column":30}},"loc":{"start":{"line":197,"column":78},"end":{"line":235,"column":1}}},"2":{"name":"(anonymous_3)","decl":{"start":{"line":237,"column":22},"end":{"line":237,"column":27}},"loc":{"start":{"line":237,"column":75},"end":{"line":264,"column":1}}},"3":{"name":"(anonymous_4)","decl":{"start":{"line":266,"column":25},"end":{"line":266,"column":30}},"loc":{"start":{"line":266,"column":78},"end":{"line":285,"column":1}}}},"branchMap":{"0":{"loc":{"start":{"line":163,"column":4},"end":{"line":163,"column":12}},"type":"default-arg","locations":[{"start":{"line":163,"column":11},"end":{"line":163,"column":12}}]},"1":{"loc":{"start":{"line":164,"column":4},"end":{"line":164,"column":14}},"type":"default-arg","locations":[{"start":{"line":164,"column":12},"end":{"line":164,"column":14}}]},"2":{"loc":{"start":{"line":165,"column":4},"end":{"line":165,"column":15}},"type":"default-arg","locations":[{"start":{"line":165,"column":13},"end":{"line":165,"column":15}}]},"3":{"loc":{"start":{"line":166,"column":4},"end":{"line":166,"column":24}},"type":"default-arg","locations":[{"start":{"line":166,"column":13},"end":{"line":166,"column":24}}]},"4":{"loc":{"start":{"line":167,"column":4},"end":{"line":167,"column":17}},"type":"default-arg","locations":[{"start":{"line":167,"column":12},"end":{"line":167,"column":17}}]},"5":{"loc":{"start":{"line":178,"column":6},"end":{"line":178,"column":74}},"type":"cond-expr","locations":[{"start":{"line":178,"column":24},"end":{"line":178,"column":47}},{"start":{"line":178,"column":50},"end":{"line":178,"column":74}}]},"6":{"loc":{"start":{"line":200,"column":2},"end":{"line":203,"column":3}},"type":"if","locations":[{"start":{"line":200,"column":2},"end":{"line":203,"column":3}}]},"7":{"loc":{"start":{"line":216,"column":2},"end":{"line":219,"column":3}},"type":"if","locations":[{"start":{"line":216,"column":2},"end":{"line":219,"column":3}}]},"8":{"loc":{"start":{"line":229,"column":2},"end":{"line":232,"column":3}},"type":"if","locations":[{"start":{"line":229,"column":2},"end":{"line":232,"column":3}}]},"9":{"loc":{"start":{"line":240,"column":2},"end":{"line":243,"column":3}},"type":"if","locations":[{"start":{"line":240,"column":2},"end":{"line":243,"column":3}}]},"10":{"loc":{"start":{"line":258,"column":2},"end":{"line":261,"column":3}},"type":"if","locations":[{"start":{"line":258,"column":2},"end":{"line":261,"column":3}}]},"11":{"loc":{"start":{"line":269,"column":2},"end":{"line":272,"column":3}},"type":"if","locations":[{"start":{"line":269,"column":2},"end":{"line":272,"column":3}}]},"12":{"loc":{"start":{"line":279,"column":2},"end":{"line":282,"column":3}},"type":"if","locations":[{"start":{"line":279,"column":2},"end":{"line":282,"column":3}}]}},"s":{"0":1,"1":1,"2":1,"3":1,"4":1,"5":1,"6":1,"7":0,"8":0,"9":0,"10":0,"11":0,"12":1,"13":0,"14":0,"15":0,"16":0,"17":0,"18":0,"19":0,"20":0,"21":0,"22":0,"23":0,"24":0,"25":0,"26":1,"27":0,"28":0,"29":0,"30":0,"31":0,"32":0,"33":0,"34":0,"35":0,"36":1,"37":0,"38":0,"39":0,"40":0,"41":0,"42":0,"43":0,"44":0,"45":0,"46":1},"f":{"0":0,"1":0,"2":0,"3":0},"b":{"0":[0],"1":[0],"2":[0],"3":[0],"4":[0],"5":[0,0],"6":[0],"7":[0],"8":[0],"9":[0],"10":[0],"11":[0],"12":[0]}}
,"/home/sergio/Documents/feup/mesw/les/project/backend/src/controllers/music.ts": {"path":"/home/sergio/Documents/feup/mesw/les/project/backend/src/controllers/music.ts","statementMap":{"0":{"start":{"line":2,"column":0},"end":{"line":2,"column":24}},"1":{"start":{"line":3,"column":0},"end":{"line":3,"column":20}},"2":{"start":{"line":4,"column":0},"end":{"line":4,"column":24}},"3":{"start":{"line":5,"column":0},"end":{"line":5,"column":68}},"4":{"start":{"line":6,"column":0},"end":{"line":6,"column":47}},"5":{"start":{"line":7,"column":0},"end":{"line":7,"column":26}},"6":{"start":{"line":8,"column":0},"end":{"line":8,"column":65}},"7":{"start":{"line":10,"column":21},"end":{"line":36,"column":1}},"8":{"start":{"line":11,"column":17},"end":{"line":11,"column":27}},"9":{"start":{"line":13,"column":2},"end":{"line":16,"column":3}},"10":{"start":{"line":14,"column":4},"end":{"line":14,"column":62}},"11":{"start":{"line":15,"column":4},"end":{"line":15,"column":11}},"12":{"start":{"line":18,"column":16},"end":{"line":29,"column":4}},"13":{"start":{"line":31,"column":2},"end":{"line":34,"column":3}},"14":{"start":{"line":32,"column":4},"end":{"line":32,"column":57}},"15":{"start":{"line":33,"column":4},"end":{"line":33,"column":11}},"16":{"start":{"line":35,"column":2},"end":{"line":35,"column":34}},"17":{"start":{"line":38,"column":21},"end":{"line":40,"column":2}},"18":{"start":{"line":42,"column":20},"end":{"line":103,"column":1}},"19":{"start":{"line":43,"column":17},"end":{"line":43,"column":51}},"20":{"start":{"line":45,"column":2},"end":{"line":48,"column":3}},"21":{"start":{"line":46,"column":4},"end":{"line":46,"column":58}},"22":{"start":{"line":47,"column":4},"end":{"line":47,"column":11}},"23":{"start":{"line":50,"column":17},"end":{"line":50,"column":28}},"24":{"start":{"line":52,"column":2},"end":{"line":55,"column":3}},"25":{"start":{"line":53,"column":4},"end":{"line":53,"column":62}},"26":{"start":{"line":54,"column":4},"end":{"line":54,"column":11}},"27":{"start":{"line":57,"column":16},"end":{"line":59,"column":4}},"28":{"start":{"line":61,"column":2},"end":{"line":64,"column":3}},"29":{"start":{"line":62,"column":4},"end":{"line":62,"column":57}},"30":{"start":{"line":63,"column":4},"end":{"line":63,"column":11}},"31":{"start":{"line":67,"column":19},"end":{"line":67,"column":73}},"32":{"start":{"line":69,"column":2},"end":{"line":72,"column":3}},"33":{"start":{"line":70,"column":4},"end":{"line":70,"column":62}},"34":{"start":{"line":71,"column":4},"end":{"line":71,"column":11}},"35":{"start":{"line":74,"column":15},"end":{"line":74,"column":36}},"36":{"start":{"line":75,"column":19},"end":{"line":75,"column":28}},"37":{"start":{"line":76,"column":16},"end":{"line":76,"column":33}},"38":{"start":{"line":78,"column":2},"end":{"line":102,"column":3}},"39":{"start":{"line":79,"column":18},"end":{"line":79,"column":56}},"40":{"start":{"line":80,"column":18},"end":{"line":80,"column":40}},"41":{"start":{"line":81,"column":16},"end":{"line":81,"column":64}},"42":{"start":{"line":83,"column":22},"end":{"line":83,"column":37}},"43":{"start":{"line":84,"column":17},"end":{"line":84,"column":62}},"44":{"start":{"line":85,"column":17},"end":{"line":90,"column":6}},"45":{"start":{"line":92,"column":4},"end":{"line":92,"column":29}},"46":{"start":{"line":93,"column":4},"end":{"line":93,"column":19}},"47":{"start":{"line":95,"column":17},"end":{"line":98,"column":6}},"48":{"start":{"line":100,"column":4},"end":{"line":100,"column":29}},"49":{"start":{"line":101,"column":4},"end":{"line":101,"column":44}},"50":{"start":{"line":105,"column":22},"end":{"line":113,"column":2}},"51":{"start":{"line":115,"column":21},"end":{"line":172,"column":1}},"52":{"start":{"line":124,"column":6},"end":{"line":124,"column":36}},"53":{"start":{"line":126,"column":17},"end":{"line":126,"column":51}},"54":{"start":{"line":128,"column":51},"end":{"line":130,"column":4}},"55":{"start":{"line":132,"column":2},"end":{"line":136,"column":3}},"56":{"start":{"line":133,"column":4},"end":{"line":133,"column":48}},"57":{"start":{"line":135,"column":4},"end":{"line":135,"column":47}},"58":{"start":{"line":138,"column":2},"end":{"line":153,"column":3}},"59":{"start":{"line":139,"column":20},"end":{"line":144,"column":6}},"60":{"start":{"line":146,"column":4},"end":{"line":149,"column":5}},"61":{"start":{"line":147,"column":6},"end":{"line":147,"column":56}},"62":{"start":{"line":148,"column":6},"end":{"line":148,"column":13}},"63":{"start":{"line":152,"column":4},"end":{"line":152,"column":60}},"64":{"start":{"line":155,"column":20},"end":{"line":169,"column":4}},"65":{"start":{"line":171,"column":2},"end":{"line":171,"column":38}},"66":{"start":{"line":174,"column":30},"end":{"line":178,"column":2}},"67":{"start":{"line":180,"column":20},"end":{"line":246,"column":1}},"68":{"start":{"line":181,"column":17},"end":{"line":181,"column":58}},"69":{"start":{"line":183,"column":2},"end":{"line":186,"column":3}},"70":{"start":{"line":184,"column":4},"end":{"line":184,"column":59}},"71":{"start":{"line":185,"column":4},"end":{"line":185,"column":11}},"72":{"start":{"line":188,"column":47},"end":{"line":188,"column":58}},"73":{"start":{"line":190,"column":18},"end":{"line":195,"column":4}},"74":{"start":{"line":197,"column":2},"end":{"line":200,"column":3}},"75":{"start":{"line":198,"column":4},"end":{"line":198,"column":54}},"76":{"start":{"line":199,"column":4},"end":{"line":199,"column":11}},"77":{"start":{"line":202,"column":2},"end":{"line":205,"column":3}},"78":{"start":{"line":203,"column":4},"end":{"line":203,"column":54}},"79":{"start":{"line":204,"column":4},"end":{"line":204,"column":11}},"80":{"start":{"line":207,"column":16},"end":{"line":207,"column":75}},"81":{"start":{"line":209,"column":2},"end":{"line":212,"column":3}},"82":{"start":{"line":210,"column":4},"end":{"line":210,"column":76}},"83":{"start":{"line":211,"column":4},"end":{"line":211,"column":11}},"84":{"start":{"line":214,"column":20},"end":{"line":214,"column":34}},"85":{"start":{"line":216,"column":20},"end":{"line":216,"column":34}},"86":{"start":{"line":227,"column":16},"end":{"line":237,"column":16}},"87":{"start":{"line":239,"column":2},"end":{"line":242,"column":3}},"88":{"start":{"line":240,"column":4},"end":{"line":240,"column":64}},"89":{"start":{"line":241,"column":4},"end":{"line":241,"column":11}},"90":{"start":{"line":244,"column":2},"end":{"line":244,"column":50}},"91":{"start":{"line":245,"column":2},"end":{"line":245,"column":67}},"92":{"start":{"line":248,"column":19},"end":{"line":258,"column":1}},"93":{"start":{"line":249,"column":23},"end":{"line":255,"column":4}},"94":{"start":{"line":257,"column":2},"end":{"line":257,"column":80}},"95":{"start":{"line":257,"column":67},"end":{"line":257,"column":75}},"96":{"start":{"line":260,"column":0},"end":{"line":266,"column":2}}},"fnMap":{"0":{"name":"(anonymous_1)","decl":{"start":{"line":10,"column":21},"end":{"line":10,"column":26}},"loc":{"start":{"line":10,"column":74},"end":{"line":36,"column":1}}},"1":{"name":"(anonymous_2)","decl":{"start":{"line":42,"column":20},"end":{"line":42,"column":25}},"loc":{"start":{"line":42,"column":73},"end":{"line":103,"column":1}}},"2":{"name":"(anonymous_3)","decl":{"start":{"line":115,"column":21},"end":{"line":115,"column":26}},"loc":{"start":{"line":115,"column":74},"end":{"line":172,"column":1}}},"3":{"name":"(anonymous_4)","decl":{"start":{"line":180,"column":20},"end":{"line":180,"column":25}},"loc":{"start":{"line":180,"column":73},"end":{"line":246,"column":1}}},"4":{"name":"(anonymous_5)","decl":{"start":{"line":248,"column":19},"end":{"line":248,"column":24}},"loc":{"start":{"line":248,"column":72},"end":{"line":258,"column":1}}},"5":{"name":"(anonymous_6)","decl":{"start":{"line":257,"column":56},"end":{"line":257,"column":57}},"loc":{"start":{"line":257,"column":67},"end":{"line":257,"column":75}}}},"branchMap":{"0":{"loc":{"start":{"line":13,"column":2},"end":{"line":16,"column":3}},"type":"if","locations":[{"start":{"line":13,"column":2},"end":{"line":16,"column":3}}]},"1":{"loc":{"start":{"line":31,"column":2},"end":{"line":34,"column":3}},"type":"if","locations":[{"start":{"line":31,"column":2},"end":{"line":34,"column":3}}]},"2":{"loc":{"start":{"line":45,"column":2},"end":{"line":48,"column":3}},"type":"if","locations":[{"start":{"line":45,"column":2},"end":{"line":48,"column":3}}]},"3":{"loc":{"start":{"line":52,"column":2},"end":{"line":55,"column":3}},"type":"if","locations":[{"start":{"line":52,"column":2},"end":{"line":55,"column":3}}]},"4":{"loc":{"start":{"line":61,"column":2},"end":{"line":64,"column":3}},"type":"if","locations":[{"start":{"line":61,"column":2},"end":{"line":64,"column":3}}]},"5":{"loc":{"start":{"line":69,"column":2},"end":{"line":72,"column":3}},"type":"if","locations":[{"start":{"line":69,"column":2},"end":{"line":72,"column":3}}]},"6":{"loc":{"start":{"line":78,"column":2},"end":{"line":102,"column":3}},"type":"if","locations":[{"start":{"line":78,"column":2},"end":{"line":102,"column":3}},{"start":{"line":94,"column":9},"end":{"line":102,"column":3}}]},"7":{"loc":{"start":{"line":81,"column":16},"end":{"line":81,"column":64}},"type":"cond-expr","locations":[{"start":{"line":81,"column":27},"end":{"line":81,"column":49}},{"start":{"line":81,"column":52},"end":{"line":81,"column":64}}]},"8":{"loc":{"start":{"line":117,"column":4},"end":{"line":117,"column":12}},"type":"default-arg","locations":[{"start":{"line":117,"column":11},"end":{"line":117,"column":12}}]},"9":{"loc":{"start":{"line":118,"column":4},"end":{"line":118,"column":14}},"type":"default-arg","locations":[{"start":{"line":118,"column":12},"end":{"line":118,"column":14}}]},"10":{"loc":{"start":{"line":119,"column":4},"end":{"line":119,"column":15}},"type":"default-arg","locations":[{"start":{"line":119,"column":13},"end":{"line":119,"column":15}}]},"11":{"loc":{"start":{"line":120,"column":4},"end":{"line":120,"column":24}},"type":"default-arg","locations":[{"start":{"line":120,"column":13},"end":{"line":120,"column":24}}]},"12":{"loc":{"start":{"line":121,"column":4},"end":{"line":121,"column":17}},"type":"default-arg","locations":[{"start":{"line":121,"column":12},"end":{"line":121,"column":17}}]},"13":{"loc":{"start":{"line":122,"column":13},"end":{"line":122,"column":32}},"type":"default-arg","locations":[{"start":{"line":122,"column":25},"end":{"line":122,"column":32}}]},"14":{"loc":{"start":{"line":123,"column":14},"end":{"line":123,"column":34}},"type":"default-arg","locations":[{"start":{"line":123,"column":27},"end":{"line":123,"column":34}}]},"15":{"loc":{"start":{"line":132,"column":2},"end":{"line":136,"column":3}},"type":"if","locations":[{"start":{"line":132,"column":2},"end":{"line":136,"column":3}},{"start":{"line":134,"column":9},"end":{"line":136,"column":3}}]},"16":{"loc":{"start":{"line":138,"column":2},"end":{"line":153,"column":3}},"type":"if","locations":[{"start":{"line":138,"column":2},"end":{"line":153,"column":3}}]},"17":{"loc":{"start":{"line":146,"column":4},"end":{"line":149,"column":5}},"type":"if","locations":[{"start":{"line":146,"column":4},"end":{"line":149,"column":5}}]},"18":{"loc":{"start":{"line":156,"column":14},"end":{"line":156,"column":74}},"type":"cond-expr","locations":[{"start":{"line":156,"column":32},"end":{"line":156,"column":51}},{"start":{"line":156,"column":54},"end":{"line":156,"column":74}}]},"19":{"loc":{"start":{"line":183,"column":2},"end":{"line":186,"column":3}},"type":"if","locations":[{"start":{"line":183,"column":2},"end":{"line":186,"column":3}}]},"20":{"loc":{"start":{"line":197,"column":2},"end":{"line":200,"column":3}},"type":"if","locations":[{"start":{"line":197,"column":2},"end":{"line":200,"column":3}}]},"21":{"loc":{"start":{"line":202,"column":2},"end":{"line":205,"column":3}},"type":"if","locations":[{"start":{"line":202,"column":2},"end":{"line":205,"column":3}}]},"22":{"loc":{"start":{"line":209,"column":2},"end":{"line":212,"column":3}},"type":"if","locations":[{"start":{"line":209,"column":2},"end":{"line":212,"column":3}}]},"23":{"loc":{"start":{"line":209,"column":6},"end":{"line":209,"column":34}},"type":"binary-expr","locations":[{"start":{"line":209,"column":6},"end":{"line":209,"column":18}},{"start":{"line":209,"column":22},"end":{"line":209,"column":34}}]},"24":{"loc":{"start":{"line":239,"column":2},"end":{"line":242,"column":3}},"type":"if","locations":[{"start":{"line":239,"column":2},"end":{"line":242,"column":3}}]}},"s":{"0":1,"1":1,"2":1,"3":1,"4":1,"5":1,"6":1,"7":1,"8":0,"9":0,"10":0,"11":0,"12":0,"13":0,"14":0,"15":0,"16":0,"17":1,"18":1,"19":0,"20":0,"21":0,"22":0,"23":0,"24":0,"25":0,"26":0,"27":0,"28":0,"29":0,"30":0,"31":0,"32":0,"33":0,"34":0,"35":0,"36":0,"37":0,"38":0,"39":0,"40":0,"41":0,"42":0,"43":0,"44":0,"45":0,"46":0,"47":0,"48":0,"49":0,"50":1,"51":1,"52":0,"53":0,"54":0,"55":0,"56":0,"57":0,"58":0,"59":0,"60":0,"61":0,"62":0,"63":0,"64":0,"65":0,"66":1,"67":1,"68":0,"69":0,"70":0,"71":0,"72":0,"73":0,"74":0,"75":0,"76":0,"77":0,"78":0,"79":0,"80":0,"81":0,"82":0,"83":0,"84":0,"85":0,"86":0,"87":0,"88":0,"89":0,"90":0,"91":0,"92":1,"93":0,"94":0,"95":0,"96":1},"f":{"0":0,"1":0,"2":0,"3":0,"4":0,"5":0},"b":{"0":[0],"1":[0],"2":[0],"3":[0],"4":[0],"5":[0],"6":[0,0],"7":[0,0],"8":[0],"9":[0],"10":[0],"11":[0],"12":[0],"13":[0],"14":[0],"15":[0,0],"16":[0],"17":[0],"18":[0,0],"19":[0],"20":[0],"21":[0],"22":[0],"23":[0,0],"24":[0]}}
,"/home/sergio/Documents/feup/mesw/les/project/backend/src/controllers/notifications.ts": {"path":"/home/sergio/Documents/feup/mesw/les/project/backend/src/controllers/notifications.ts","statementMap":{"0":{"start":{"line":2,"column":0},"end":{"line":2,"column":26}},"1":{"start":{"line":3,"column":0},"end":{"line":3,"column":39}},"2":{"start":{"line":4,"column":0},"end":{"line":4,"column":65}},"3":{"start":{"line":6,"column":32},"end":{"line":28,"column":1}},"4":{"start":{"line":10,"column":18},"end":{"line":15,"column":4}},"5":{"start":{"line":17,"column":2},"end":{"line":20,"column":3}},"6":{"start":{"line":18,"column":4},"end":{"line":18,"column":54}},"7":{"start":{"line":19,"column":4},"end":{"line":19,"column":11}},"8":{"start":{"line":22,"column":28},"end":{"line":25,"column":4}},"9":{"start":{"line":27,"column":2},"end":{"line":27,"column":61}},"10":{"start":{"line":6,"column":13},"end":{"line":6,"column":32}},"11":{"start":{"line":30,"column":34},"end":{"line":48,"column":1}},"12":{"start":{"line":34,"column":24},"end":{"line":36,"column":4}},"13":{"start":{"line":38,"column":2},"end":{"line":40,"column":3}},"14":{"start":{"line":39,"column":4},"end":{"line":39,"column":11}},"15":{"start":{"line":42,"column":28},"end":{"line":45,"column":5}},"16":{"start":{"line":42,"column":61},"end":{"line":45,"column":4}},"17":{"start":{"line":47,"column":2},"end":{"line":47,"column":59}},"18":{"start":{"line":30,"column":13},"end":{"line":30,"column":34}},"19":{"start":{"line":50,"column":38},"end":{"line":85,"column":1}},"20":{"start":{"line":54,"column":17},"end":{"line":54,"column":25}},"21":{"start":{"line":57,"column":2},"end":{"line":60,"column":3}},"22":{"start":{"line":58,"column":4},"end":{"line":58,"column":69}},"23":{"start":{"line":59,"column":4},"end":{"line":59,"column":11}},"24":{"start":{"line":62,"column":2},"end":{"line":84,"column":3}},"25":{"start":{"line":64,"column":32},"end":{"line":68,"column":18}},"26":{"start":{"line":70,"column":4},"end":{"line":73,"column":5}},"27":{"start":{"line":71,"column":6},"end":{"line":71,"column":66}},"28":{"start":{"line":72,"column":6},"end":{"line":72,"column":13}},"29":{"start":{"line":75,"column":4},"end":{"line":78,"column":7}},"30":{"start":{"line":80,"column":4},"end":{"line":80,"column":64}},"31":{"start":{"line":81,"column":4},"end":{"line":83,"column":78}},"32":{"start":{"line":50,"column":13},"end":{"line":50,"column":38}},"33":{"start":{"line":87,"column":34},"end":{"line":121,"column":1}},"34":{"start":{"line":91,"column":17},"end":{"line":91,"column":25}},"35":{"start":{"line":94,"column":2},"end":{"line":97,"column":3}},"36":{"start":{"line":95,"column":4},"end":{"line":95,"column":69}},"37":{"start":{"line":96,"column":4},"end":{"line":96,"column":11}},"38":{"start":{"line":99,"column":2},"end":{"line":120,"column":3}},"39":{"start":{"line":101,"column":32},"end":{"line":104,"column":18}},"40":{"start":{"line":106,"column":4},"end":{"line":109,"column":5}},"41":{"start":{"line":107,"column":6},"end":{"line":107,"column":66}},"42":{"start":{"line":108,"column":6},"end":{"line":108,"column":13}},"43":{"start":{"line":111,"column":4},"end":{"line":114,"column":7}},"44":{"start":{"line":116,"column":4},"end":{"line":116,"column":57}},"45":{"start":{"line":117,"column":4},"end":{"line":119,"column":78}},"46":{"start":{"line":87,"column":13},"end":{"line":87,"column":34}}},"fnMap":{"0":{"name":"(anonymous_0)","decl":{"start":{"line":6,"column":32},"end":{"line":6,"column":37}},"loc":{"start":{"line":9,"column":19},"end":{"line":28,"column":1}}},"1":{"name":"(anonymous_1)","decl":{"start":{"line":30,"column":34},"end":{"line":30,"column":39}},"loc":{"start":{"line":33,"column":19},"end":{"line":48,"column":1}}},"2":{"name":"(anonymous_2)","decl":{"start":{"line":42,"column":46},"end":{"line":42,"column":47}},"loc":{"start":{"line":42,"column":61},"end":{"line":45,"column":4}}},"3":{"name":"(anonymous_3)","decl":{"start":{"line":50,"column":38},"end":{"line":50,"column":43}},"loc":{"start":{"line":53,"column":19},"end":{"line":85,"column":1}}},"4":{"name":"(anonymous_4)","decl":{"start":{"line":87,"column":34},"end":{"line":87,"column":39}},"loc":{"start":{"line":90,"column":19},"end":{"line":121,"column":1}}}},"branchMap":{"0":{"loc":{"start":{"line":17,"column":2},"end":{"line":20,"column":3}},"type":"if","locations":[{"start":{"line":17,"column":2},"end":{"line":20,"column":3}}]},"1":{"loc":{"start":{"line":38,"column":2},"end":{"line":40,"column":3}},"type":"if","locations":[{"start":{"line":38,"column":2},"end":{"line":40,"column":3}}]},"2":{"loc":{"start":{"line":57,"column":2},"end":{"line":60,"column":3}},"type":"if","locations":[{"start":{"line":57,"column":2},"end":{"line":60,"column":3}}]},"3":{"loc":{"start":{"line":70,"column":4},"end":{"line":73,"column":5}},"type":"if","locations":[{"start":{"line":70,"column":4},"end":{"line":73,"column":5}}]},"4":{"loc":{"start":{"line":94,"column":2},"end":{"line":97,"column":3}},"type":"if","locations":[{"start":{"line":94,"column":2},"end":{"line":97,"column":3}}]},"5":{"loc":{"start":{"line":106,"column":4},"end":{"line":109,"column":5}},"type":"if","locations":[{"start":{"line":106,"column":4},"end":{"line":109,"column":5}}]}},"s":{"0":2,"1":2,"2":2,"3":2,"4":1,"5":1,"6":0,"7":0,"8":1,"9":1,"10":2,"11":2,"12":0,"13":0,"14":0,"15":0,"16":0,"17":0,"18":2,"19":2,"20":1,"21":1,"22":0,"23":0,"24":1,"25":1,"26":1,"27":0,"28":0,"29":1,"30":0,"31":0,"32":2,"33":2,"34":1,"35":1,"36":0,"37":0,"38":1,"39":1,"40":1,"41":0,"42":0,"43":1,"44":0,"45":0,"46":2},"f":{"0":1,"1":0,"2":0,"3":1,"4":1},"b":{"0":[0],"1":[0],"2":[0],"3":[0],"4":[0],"5":[0]}}
,"/home/sergio/Documents/feup/mesw/les/project/backend/src/controllers/playlist.ts": {"path":"/home/sergio/Documents/feup/mesw/les/project/backend/src/controllers/playlist.ts","statementMap":{"0":{"start":{"line":2,"column":0},"end":{"line":2,"column":24}},"1":{"start":{"line":3,"column":0},"end":{"line":3,"column":38}},"2":{"start":{"line":4,"column":0},"end":{"line":4,"column":67}},"3":{"start":{"line":5,"column":0},"end":{"line":5,"column":26}},"4":{"start":{"line":7,"column":16},"end":{"line":30,"column":1}},"5":{"start":{"line":8,"column":18},"end":{"line":10,"column":4}},"6":{"start":{"line":12,"column":2},"end":{"line":15,"column":3}},"7":{"start":{"line":13,"column":4},"end":{"line":13,"column":54}},"8":{"start":{"line":14,"column":4},"end":{"line":14,"column":11}},"9":{"start":{"line":17,"column":23},"end":{"line":27,"column":4}},"10":{"start":{"line":29,"column":2},"end":{"line":29,"column":41}},"11":{"start":{"line":32,"column":24},"end":{"line":59,"column":1}},"12":{"start":{"line":33,"column":17},"end":{"line":33,"column":27}},"13":{"start":{"line":35,"column":2},"end":{"line":38,"column":3}},"14":{"start":{"line":36,"column":4},"end":{"line":36,"column":65}},"15":{"start":{"line":37,"column":4},"end":{"line":37,"column":11}},"16":{"start":{"line":40,"column":19},"end":{"line":51,"column":4}},"17":{"start":{"line":53,"column":2},"end":{"line":56,"column":3}},"18":{"start":{"line":54,"column":4},"end":{"line":54,"column":60}},"19":{"start":{"line":55,"column":4},"end":{"line":55,"column":11}},"20":{"start":{"line":58,"column":2},"end":{"line":58,"column":37}},"21":{"start":{"line":61,"column":33},"end":{"line":63,"column":2}},"22":{"start":{"line":65,"column":23},"end":{"line":101,"column":1}},"23":{"start":{"line":66,"column":17},"end":{"line":66,"column":61}},"24":{"start":{"line":68,"column":2},"end":{"line":71,"column":3}},"25":{"start":{"line":69,"column":4},"end":{"line":69,"column":59}},"26":{"start":{"line":70,"column":4},"end":{"line":70,"column":11}},"27":{"start":{"line":73,"column":20},"end":{"line":73,"column":31}},"28":{"start":{"line":75,"column":18},"end":{"line":80,"column":4}},"29":{"start":{"line":82,"column":2},"end":{"line":85,"column":3}},"30":{"start":{"line":83,"column":4},"end":{"line":83,"column":54}},"31":{"start":{"line":84,"column":4},"end":{"line":84,"column":11}},"32":{"start":{"line":87,"column":2},"end":{"line":90,"column":3}},"33":{"start":{"line":88,"column":4},"end":{"line":88,"column":54}},"34":{"start":{"line":89,"column":4},"end":{"line":89,"column":11}},"35":{"start":{"line":92,"column":2},"end":{"line":98,"column":17}},"36":{"start":{"line":100,"column":2},"end":{"line":100,"column":70}},"37":{"start":{"line":103,"column":23},"end":{"line":106,"column":1}},"38":{"start":{"line":104,"column":2},"end":{"line":104,"column":76}},"39":{"start":{"line":105,"column":2},"end":{"line":105,"column":56}},"40":{"start":{"line":108,"column":31},"end":{"line":123,"column":1}},"41":{"start":{"line":112,"column":17},"end":{"line":121,"column":4}},"42":{"start":{"line":122,"column":2},"end":{"line":122,"column":35}},"43":{"start":{"line":125,"column":32},"end":{"line":150,"column":1}},"44":{"start":{"line":129,"column":34},"end":{"line":129,"column":44}},"45":{"start":{"line":130,"column":2},"end":{"line":133,"column":3}},"46":{"start":{"line":131,"column":4},"end":{"line":131,"column":79}},"47":{"start":{"line":132,"column":4},"end":{"line":132,"column":11}},"48":{"start":{"line":134,"column":2},"end":{"line":149,"column":3}},"49":{"start":{"line":135,"column":4},"end":{"line":142,"column":8}},"50":{"start":{"line":143,"column":4},"end":{"line":143,"column":69}},"51":{"start":{"line":145,"column":4},"end":{"line":145,"column":25}},"52":{"start":{"line":146,"column":4},"end":{"line":148,"column":7}},"53":{"start":{"line":152,"column":27},"end":{"line":176,"column":1}},"54":{"start":{"line":156,"column":34},"end":{"line":156,"column":44}},"55":{"start":{"line":157,"column":2},"end":{"line":160,"column":3}},"56":{"start":{"line":158,"column":4},"end":{"line":158,"column":79}},"57":{"start":{"line":159,"column":4},"end":{"line":159,"column":11}},"58":{"start":{"line":161,"column":2},"end":{"line":175,"column":3}},"59":{"start":{"line":162,"column":4},"end":{"line":168,"column":19}},"60":{"start":{"line":169,"column":4},"end":{"line":169,"column":65}},"61":{"start":{"line":171,"column":4},"end":{"line":171,"column":25}},"62":{"start":{"line":172,"column":4},"end":{"line":174,"column":77}},"63":{"start":{"line":178,"column":22},"end":{"line":220,"column":1}},"64":{"start":{"line":179,"column":22},"end":{"line":179,"column":32}},"65":{"start":{"line":180,"column":18},"end":{"line":185,"column":4}},"66":{"start":{"line":186,"column":2},"end":{"line":189,"column":3}},"67":{"start":{"line":187,"column":4},"end":{"line":187,"column":54}},"68":{"start":{"line":188,"column":4},"end":{"line":188,"column":11}},"69":{"start":{"line":190,"column":2},"end":{"line":193,"column":3}},"70":{"start":{"line":191,"column":4},"end":{"line":191,"column":54}},"71":{"start":{"line":192,"column":4},"end":{"line":192,"column":11}},"72":{"start":{"line":194,"column":19},"end":{"line":199,"column":4}},"73":{"start":{"line":200,"column":2},"end":{"line":203,"column":3}},"74":{"start":{"line":201,"column":4},"end":{"line":201,"column":79}},"75":{"start":{"line":202,"column":4},"end":{"line":202,"column":11}},"76":{"start":{"line":205,"column":2},"end":{"line":219,"column":3}},"77":{"start":{"line":206,"column":4},"end":{"line":212,"column":19}},"78":{"start":{"line":213,"column":4},"end":{"line":213,"column":58}},"79":{"start":{"line":215,"column":4},"end":{"line":215,"column":25}},"80":{"start":{"line":216,"column":4},"end":{"line":218,"column":68}},"81":{"start":{"line":222,"column":0},"end":{"line":231,"column":2}}},"fnMap":{"0":{"name":"(anonymous_0)","decl":{"start":{"line":7,"column":16},"end":{"line":7,"column":21}},"loc":{"start":{"line":7,"column":69},"end":{"line":30,"column":1}}},"1":{"name":"(anonymous_1)","decl":{"start":{"line":32,"column":24},"end":{"line":32,"column":29}},"loc":{"start":{"line":32,"column":77},"end":{"line":59,"column":1}}},"2":{"name":"(anonymous_2)","decl":{"start":{"line":65,"column":23},"end":{"line":65,"column":28}},"loc":{"start":{"line":65,"column":76},"end":{"line":101,"column":1}}},"3":{"name":"(anonymous_3)","decl":{"start":{"line":103,"column":23},"end":{"line":103,"column":28}},"loc":{"start":{"line":103,"column":76},"end":{"line":106,"column":1}}},"4":{"name":"(anonymous_4)","decl":{"start":{"line":108,"column":31},"end":{"line":108,"column":36}},"loc":{"start":{"line":111,"column":19},"end":{"line":123,"column":1}}},"5":{"name":"(anonymous_5)","decl":{"start":{"line":125,"column":32},"end":{"line":125,"column":37}},"loc":{"start":{"line":128,"column":19},"end":{"line":150,"column":1}}},"6":{"name":"(anonymous_6)","decl":{"start":{"line":152,"column":27},"end":{"line":152,"column":32}},"loc":{"start":{"line":155,"column":19},"end":{"line":176,"column":1}}},"7":{"name":"(anonymous_7)","decl":{"start":{"line":178,"column":22},"end":{"line":178,"column":27}},"loc":{"start":{"line":178,"column":75},"end":{"line":220,"column":1}}}},"branchMap":{"0":{"loc":{"start":{"line":12,"column":2},"end":{"line":15,"column":3}},"type":"if","locations":[{"start":{"line":12,"column":2},"end":{"line":15,"column":3}}]},"1":{"loc":{"start":{"line":35,"column":2},"end":{"line":38,"column":3}},"type":"if","locations":[{"start":{"line":35,"column":2},"end":{"line":38,"column":3}}]},"2":{"loc":{"start":{"line":53,"column":2},"end":{"line":56,"column":3}},"type":"if","locations":[{"start":{"line":53,"column":2},"end":{"line":56,"column":3}}]},"3":{"loc":{"start":{"line":68,"column":2},"end":{"line":71,"column":3}},"type":"if","locations":[{"start":{"line":68,"column":2},"end":{"line":71,"column":3}}]},"4":{"loc":{"start":{"line":82,"column":2},"end":{"line":85,"column":3}},"type":"if","locations":[{"start":{"line":82,"column":2},"end":{"line":85,"column":3}}]},"5":{"loc":{"start":{"line":87,"column":2},"end":{"line":90,"column":3}},"type":"if","locations":[{"start":{"line":87,"column":2},"end":{"line":90,"column":3}}]},"6":{"loc":{"start":{"line":130,"column":2},"end":{"line":133,"column":3}},"type":"if","locations":[{"start":{"line":130,"column":2},"end":{"line":133,"column":3}}]},"7":{"loc":{"start":{"line":130,"column":6},"end":{"line":130,"column":29}},"type":"binary-expr","locations":[{"start":{"line":130,"column":6},"end":{"line":130,"column":17}},{"start":{"line":130,"column":21},"end":{"line":130,"column":29}}]},"8":{"loc":{"start":{"line":157,"column":2},"end":{"line":160,"column":3}},"type":"if","locations":[{"start":{"line":157,"column":2},"end":{"line":160,"column":3}}]},"9":{"loc":{"start":{"line":157,"column":6},"end":{"line":157,"column":29}},"type":"binary-expr","locations":[{"start":{"line":157,"column":6},"end":{"line":157,"column":17}},{"start":{"line":157,"column":21},"end":{"line":157,"column":29}}]},"10":{"loc":{"start":{"line":186,"column":2},"end":{"line":189,"column":3}},"type":"if","locations":[{"start":{"line":186,"column":2},"end":{"line":189,"column":3}}]},"11":{"loc":{"start":{"line":190,"column":2},"end":{"line":193,"column":3}},"type":"if","locations":[{"start":{"line":190,"column":2},"end":{"line":193,"column":3}}]},"12":{"loc":{"start":{"line":200,"column":2},"end":{"line":203,"column":3}},"type":"if","locations":[{"start":{"line":200,"column":2},"end":{"line":203,"column":3}}]},"13":{"loc":{"start":{"line":200,"column":6},"end":{"line":200,"column":43}},"type":"binary-expr","locations":[{"start":{"line":200,"column":6},"end":{"line":200,"column":15}},{"start":{"line":200,"column":19},"end":{"line":200,"column":31}},{"start":{"line":200,"column":35},"end":{"line":200,"column":43}}]}},"s":{"0":1,"1":1,"2":1,"3":1,"4":1,"5":0,"6":0,"7":0,"8":0,"9":0,"10":0,"11":1,"12":0,"13":0,"14":0,"15":0,"16":0,"17":0,"18":0,"19":0,"20":0,"21":1,"22":1,"23":0,"24":0,"25":0,"26":0,"27":0,"28":0,"29":0,"30":0,"31":0,"32":0,"33":0,"34":0,"35":0,"36":0,"37":1,"38":0,"39":0,"40":1,"41":0,"42":0,"43":1,"44":0,"45":0,"46":0,"47":0,"48":0,"49":0,"50":0,"51":0,"52":0,"53":1,"54":0,"55":0,"56":0,"57":0,"58":0,"59":0,"60":0,"61":0,"62":0,"63":1,"64":0,"65":0,"66":0,"67":0,"68":0,"69":0,"70":0,"71":0,"72":0,"73":0,"74":0,"75":0,"76":0,"77":0,"78":0,"79":0,"80":0,"81":1},"f":{"0":0,"1":0,"2":0,"3":0,"4":0,"5":0,"6":0,"7":0},"b":{"0":[0],"1":[0],"2":[0],"3":[0],"4":[0],"5":[0],"6":[0],"7":[0,0],"8":[0],"9":[0,0],"10":[0],"11":[0],"12":[0],"13":[0,0,0]}}
,"/home/sergio/Documents/feup/mesw/les/project/backend/src/controllers/profile.ts": {"path":"/home/sergio/Documents/feup/mesw/les/project/backend/src/controllers/profile.ts","statementMap":{"0":{"start":{"line":2,"column":0},"end":{"line":2,"column":24}},"1":{"start":{"line":3,"column":0},"end":{"line":3,"column":20}},"2":{"start":{"line":4,"column":0},"end":{"line":4,"column":30}},"3":{"start":{"line":5,"column":0},"end":{"line":5,"column":26}},"4":{"start":{"line":6,"column":0},"end":{"line":6,"column":57}},"5":{"start":{"line":7,"column":0},"end":{"line":7,"column":38}},"6":{"start":{"line":8,"column":0},"end":{"line":8,"column":79}},"7":{"start":{"line":9,"column":0},"end":{"line":9,"column":24}},"8":{"start":{"line":16,"column":22},"end":{"line":38,"column":1}},"9":{"start":{"line":20,"column":16},"end":{"line":20,"column":30}},"10":{"start":{"line":21,"column":2},"end":{"line":37,"column":3}},"11":{"start":{"line":22,"column":24},"end":{"line":22,"column":76}},"12":{"start":{"line":24,"column":4},"end":{"line":30,"column":5}},"13":{"start":{"line":26,"column":6},"end":{"line":26,"column":58}},"14":{"start":{"line":29,"column":6},"end":{"line":29,"column":72}},"15":{"start":{"line":33,"column":4},"end":{"line":33,"column":52}},"16":{"start":{"line":34,"column":4},"end":{"line":36,"column":73}},"17":{"start":{"line":40,"column":28},"end":{"line":50,"column":2}},"18":{"start":{"line":52,"column":22},"end":{"line":165,"column":1}},"19":{"start":{"line":53,"column":18},"end":{"line":58,"column":4}},"20":{"start":{"line":60,"column":2},"end":{"line":63,"column":3}},"21":{"start":{"line":61,"column":4},"end":{"line":61,"column":54}},"22":{"start":{"line":62,"column":4},"end":{"line":62,"column":11}},"23":{"start":{"line":65,"column":2},"end":{"line":164,"column":3}},"24":{"start":{"line":76,"column":8},"end":{"line":76,"column":43}},"25":{"start":{"line":78,"column":4},"end":{"line":81,"column":5}},"26":{"start":{"line":79,"column":6},"end":{"line":79,"column":58}},"27":{"start":{"line":80,"column":6},"end":{"line":80,"column":13}},"28":{"start":{"line":84,"column":19},"end":{"line":84,"column":23}},"29":{"start":{"line":85,"column":4},"end":{"line":100,"column":5}},"30":{"start":{"line":87,"column":6},"end":{"line":96,"column":7}},"31":{"start":{"line":88,"column":29},"end":{"line":91,"column":null}},"32":{"start":{"line":93,"column":8},"end":{"line":95,"column":11}},"33":{"start":{"line":94,"column":10},"end":{"line":94,"column":67}},"34":{"start":{"line":94,"column":19},"end":{"line":94,"column":67}},"35":{"start":{"line":99,"column":6},"end":{"line":99,"column":59}},"36":{"start":{"line":103,"column":23},"end":{"line":111,"column":null}},"37":{"start":{"line":115,"column":4},"end":{"line":117,"column":5}},"38":{"start":{"line":116,"column":6},"end":{"line":116,"column":67}},"39":{"start":{"line":120,"column":4},"end":{"line":120,"column":57}},"40":{"start":{"line":131,"column":4},"end":{"line":131,"column":31}},"41":{"start":{"line":132,"column":4},"end":{"line":132,"column":34}},"42":{"start":{"line":133,"column":4},"end":{"line":135,"column":6}},"43":{"start":{"line":138,"column":24},"end":{"line":146,"column":18}},"44":{"start":{"line":148,"column":4},"end":{"line":151,"column":5}},"45":{"start":{"line":149,"column":6},"end":{"line":149,"column":73}},"46":{"start":{"line":150,"column":6},"end":{"line":150,"column":13}},"47":{"start":{"line":153,"column":4},"end":{"line":160,"column":7}},"48":{"start":{"line":162,"column":4},"end":{"line":162,"column":23}},"49":{"start":{"line":163,"column":4},"end":{"line":163,"column":63}},"50":{"start":{"line":167,"column":23},"end":{"line":234,"column":1}},"51":{"start":{"line":168,"column":17},"end":{"line":168,"column":38}},"52":{"start":{"line":170,"column":2},"end":{"line":173,"column":3}},"53":{"start":{"line":171,"column":4},"end":{"line":171,"column":61}},"54":{"start":{"line":172,"column":4},"end":{"line":172,"column":11}},"55":{"start":{"line":175,"column":2},"end":{"line":233,"column":3}},"56":{"start":{"line":177,"column":17},"end":{"line":181,"column":15}},"57":{"start":{"line":183,"column":4},"end":{"line":186,"column":5}},"58":{"start":{"line":184,"column":6},"end":{"line":184,"column":58}},"59":{"start":{"line":185,"column":6},"end":{"line":185,"column":13}},"60":{"start":{"line":188,"column":24},"end":{"line":188,"column":31}},"61":{"start":{"line":190,"column":20},"end":{"line":195,"column":6}},"62":{"start":{"line":198,"column":21},"end":{"line":210,"column":6}},"63":{"start":{"line":211,"column":4},"end":{"line":225,"column":5}},"64":{"start":{"line":213,"column":26},"end":{"line":218,"column":8}},"65":{"start":{"line":220,"column":6},"end":{"line":223,"column":9}},"66":{"start":{"line":224,"column":6},"end":{"line":224,"column":13}},"67":{"start":{"line":227,"column":4},"end":{"line":227,"column":35}},"68":{"start":{"line":228,"column":4},"end":{"line":228,"column":11}},"69":{"start":{"line":230,"column":4},"end":{"line":230,"column":57}},"70":{"start":{"line":231,"column":4},"end":{"line":231,"column":63}},"71":{"start":{"line":232,"column":4},"end":{"line":232,"column":11}},"72":{"start":{"line":236,"column":0},"end":{"line":240,"column":2}}},"fnMap":{"0":{"name":"(anonymous_1)","decl":{"start":{"line":16,"column":22},"end":{"line":16,"column":27}},"loc":{"start":{"line":19,"column":19},"end":{"line":38,"column":1}}},"1":{"name":"(anonymous_2)","decl":{"start":{"line":52,"column":22},"end":{"line":52,"column":27}},"loc":{"start":{"line":52,"column":75},"end":{"line":165,"column":1}}},"2":{"name":"(anonymous_3)","decl":{"start":{"line":93,"column":32},"end":{"line":93,"column":33}},"loc":{"start":{"line":93,"column":40},"end":{"line":95,"column":9}}},"3":{"name":"(anonymous_4)","decl":{"start":{"line":167,"column":23},"end":{"line":167,"column":28}},"loc":{"start":{"line":167,"column":76},"end":{"line":234,"column":1}}}},"branchMap":{"0":{"loc":{"start":{"line":24,"column":4},"end":{"line":30,"column":5}},"type":"if","locations":[{"start":{"line":24,"column":4},"end":{"line":30,"column":5}},{"start":{"line":27,"column":11},"end":{"line":30,"column":5}}]},"1":{"loc":{"start":{"line":60,"column":2},"end":{"line":63,"column":3}},"type":"if","locations":[{"start":{"line":60,"column":2},"end":{"line":63,"column":3}}]},"2":{"loc":{"start":{"line":78,"column":4},"end":{"line":81,"column":5}},"type":"if","locations":[{"start":{"line":78,"column":4},"end":{"line":81,"column":5}}]},"3":{"loc":{"start":{"line":85,"column":4},"end":{"line":100,"column":5}},"type":"if","locations":[{"start":{"line":85,"column":4},"end":{"line":100,"column":5}}]},"4":{"loc":{"start":{"line":87,"column":6},"end":{"line":96,"column":7}},"type":"if","locations":[{"start":{"line":87,"column":6},"end":{"line":96,"column":7}}]},"5":{"loc":{"start":{"line":94,"column":10},"end":{"line":94,"column":67}},"type":"if","locations":[{"start":{"line":94,"column":10},"end":{"line":94,"column":67}}]},"6":{"loc":{"start":{"line":104,"column":10},"end":{"line":104,"column":30}},"type":"binary-expr","locations":[{"start":{"line":104,"column":10},"end":{"line":104,"column":16}},{"start":{"line":104,"column":20},"end":{"line":104,"column":30}}]},"7":{"loc":{"start":{"line":105,"column":10},"end":{"line":105,"column":34}},"type":"binary-expr","locations":[{"start":{"line":105,"column":10},"end":{"line":105,"column":18}},{"start":{"line":105,"column":22},"end":{"line":105,"column":34}}]},"8":{"loc":{"start":{"line":106,"column":10},"end":{"line":106,"column":28}},"type":"binary-expr","locations":[{"start":{"line":106,"column":10},"end":{"line":106,"column":15}},{"start":{"line":106,"column":19},"end":{"line":106,"column":28}}]},"9":{"loc":{"start":{"line":107,"column":10},"end":{"line":107,"column":32}},"type":"binary-expr","locations":[{"start":{"line":107,"column":10},"end":{"line":107,"column":17}},{"start":{"line":107,"column":21},"end":{"line":107,"column":32}}]},"10":{"loc":{"start":{"line":108,"column":10},"end":{"line":108,"column":28}},"type":"binary-expr","locations":[{"start":{"line":108,"column":10},"end":{"line":108,"column":15}},{"start":{"line":108,"column":19},"end":{"line":108,"column":28}}]},"11":{"loc":{"start":{"line":109,"column":10},"end":{"line":109,"column":30}},"type":"binary-expr","locations":[{"start":{"line":109,"column":10},"end":{"line":109,"column":16}},{"start":{"line":109,"column":20},"end":{"line":109,"column":30}}]},"12":{"loc":{"start":{"line":110,"column":10},"end":{"line":110,"column":44}},"type":"binary-expr","locations":[{"start":{"line":110,"column":10},"end":{"line":110,"column":23}},{"start":{"line":110,"column":27},"end":{"line":110,"column":44}}]},"13":{"loc":{"start":{"line":111,"column":10},"end":{"line":111,"column":26}},"type":"binary-expr","locations":[{"start":{"line":111,"column":10},"end":{"line":111,"column":14}},{"start":{"line":111,"column":18},"end":{"line":111,"column":26}}]},"14":{"loc":{"start":{"line":115,"column":4},"end":{"line":117,"column":5}},"type":"if","locations":[{"start":{"line":115,"column":4},"end":{"line":117,"column":5}}]},"15":{"loc":{"start":{"line":120,"column":26},"end":{"line":120,"column":56}},"type":"binary-expr","locations":[{"start":{"line":120,"column":26},"end":{"line":120,"column":34}},{"start":{"line":120,"column":38},"end":{"line":120,"column":56}}]},"16":{"loc":{"start":{"line":148,"column":4},"end":{"line":151,"column":5}},"type":"if","locations":[{"start":{"line":148,"column":4},"end":{"line":151,"column":5}}]},"17":{"loc":{"start":{"line":170,"column":2},"end":{"line":173,"column":3}},"type":"if","locations":[{"start":{"line":170,"column":2},"end":{"line":173,"column":3}}]},"18":{"loc":{"start":{"line":183,"column":4},"end":{"line":186,"column":5}},"type":"if","locations":[{"start":{"line":183,"column":4},"end":{"line":186,"column":5}}]},"19":{"loc":{"start":{"line":183,"column":8},"end":{"line":183,"column":34}},"type":"binary-expr","locations":[{"start":{"line":183,"column":8},"end":{"line":183,"column":13}},{"start":{"line":183,"column":17},"end":{"line":183,"column":34}}]},"20":{"loc":{"start":{"line":211,"column":4},"end":{"line":225,"column":5}},"type":"if","locations":[{"start":{"line":211,"column":4},"end":{"line":225,"column":5}}]}},"s":{"0":2,"1":2,"2":2,"3":2,"4":2,"5":2,"6":2,"7":2,"8":2,"9":1,"10":1,"11":1,"12":1,"13":0,"14":1,"15":0,"16":0,"17":2,"18":2,"19":2,"20":2,"21":1,"22":1,"23":1,"24":1,"25":1,"26":0,"27":0,"28":1,"29":1,"30":0,"31":0,"32":0,"33":0,"34":0,"35":0,"36":1,"37":1,"38":0,"39":1,"40":1,"41":1,"42":1,"43":1,"44":1,"45":0,"46":0,"47":1,"48":0,"49":0,"50":2,"51":2,"52":2,"53":0,"54":0,"55":2,"56":2,"57":2,"58":1,"59":1,"60":1,"61":1,"62":1,"63":1,"64":0,"65":0,"66":0,"67":1,"68":1,"69":0,"70":0,"71":0,"72":2},"f":{"0":1,"1":2,"2":0,"3":2},"b":{"0":[0,1],"1":[1],"2":[0],"3":[0],"4":[0],"5":[0],"6":[1,0],"7":[1,1],"8":[1,1],"9":[1,0],"10":[1,0],"11":[1,0],"12":[1,0],"13":[1,0],"14":[0],"15":[1,1],"16":[0],"17":[0],"18":[1],"19":[2,2],"20":[0]}}
,"/home/sergio/Documents/feup/mesw/les/project/backend/src/db/index.ts": {"path":"/home/sergio/Documents/feup/mesw/les/project/backend/src/db/index.ts","statementMap":{"0":{"start":{"line":1,"column":0},"end":{"line":1,"column":28}},"1":{"start":{"line":2,"column":0},"end":{"line":2,"column":68}},"2":{"start":{"line":3,"column":0},"end":{"line":3,"column":63}},"3":{"start":{"line":5,"column":0},"end":{"line":5,"column":35}},"4":{"start":{"line":8,"column":2},"end":{"line":10,"column":49}},"5":{"start":{"line":12,"column":9},"end":{"line":12,"column":11}}},"fnMap":{},"branchMap":{"0":{"loc":{"start":{"line":8,"column":2},"end":{"line":10,"column":49}},"type":"cond-expr","locations":[{"start":{"line":9,"column":6},"end":{"line":9,"column":48}},{"start":{"line":10,"column":6},"end":{"line":10,"column":49}}]}},"s":{"0":3,"1":3,"2":3,"3":3,"4":3,"5":3},"f":{},"b":{"0":[0,3]}}
,"/home/sergio/Documents/feup/mesw/les/project/backend/src/db/schema.ts": {"path":"/home/sergio/Documents/feup/mesw/les/project/backend/src/db/schema.ts","statementMap":{"0":{"start":{"line":1,"column":0},"end":{"line":1,"column":9}},"1":{"start":{"line":1,"column":9},"end":{"line":1,"column":16}},"2":{"start":{"line":1,"column":16},"end":{"line":1,"column":53}},"3":{"start":{"line":2,"column":0},"end":{"line":2,"column":9}},"4":{"start":{"line":2,"column":9},"end":{"line":2,"column":17}},"5":{"start":{"line":2,"column":17},"end":{"line":2,"column":56}},"6":{"start":{"line":3,"column":0},"end":{"line":3,"column":9}},"7":{"start":{"line":3,"column":9},"end":{"line":3,"column":19}},"8":{"start":{"line":3,"column":19},"end":{"line":3,"column":62}},"9":{"start":{"line":4,"column":0},"end":{"line":4,"column":9}},"10":{"start":{"line":4,"column":9},"end":{"line":4,"column":21}},"11":{"start":{"line":4,"column":21},"end":{"line":4,"column":70}},"12":{"start":{"line":5,"column":0},"end":{"line":5,"column":null}},"13":{"start":{"line":6,"column":2},"end":{"line":6,"column":null}},"14":{"start":{"line":7,"column":2},"end":{"line":7,"column":null}},"15":{"start":{"line":8,"column":2},"end":{"line":8,"column":null}},"16":{"start":{"line":9,"column":2},"end":{"line":9,"column":null}},"17":{"start":{"line":11,"column":0},"end":{"line":11,"column":9}},"18":{"start":{"line":11,"column":9},"end":{"line":11,"column":20}},"19":{"start":{"line":11,"column":20},"end":{"line":11,"column":66}},"20":{"start":{"line":12,"column":0},"end":{"line":12,"column":9}},"21":{"start":{"line":12,"column":9},"end":{"line":12,"column":24}},"22":{"start":{"line":12,"column":24},"end":{"line":12,"column":78}},"23":{"start":{"line":13,"column":0},"end":{"line":13,"column":null}},"24":{"start":{"line":14,"column":2},"end":{"line":14,"column":null}},"25":{"start":{"line":15,"column":2},"end":{"line":15,"column":null}},"26":{"start":{"line":16,"column":2},"end":{"line":16,"column":null}},"27":{"start":{"line":17,"column":2},"end":{"line":17,"column":null}}},"fnMap":{"0":{"name":"(anonymous_0)","decl":{"start":{"line":1,"column":9},"end":{"line":1,"column":14}},"loc":{"start":{"line":1,"column":9},"end":{"line":1,"column":16}}},"1":{"name":"(anonymous_1)","decl":{"start":{"line":1,"column":16},"end":{"line":1,"column":29}},"loc":{"start":{"line":1,"column":16},"end":{"line":1,"column":53}}},"2":{"name":"(anonymous_2)","decl":{"start":{"line":2,"column":9},"end":{"line":2,"column":15}},"loc":{"start":{"line":2,"column":9},"end":{"line":2,"column":17}}},"3":{"name":"(anonymous_3)","decl":{"start":{"line":2,"column":17},"end":{"line":2,"column":31}},"loc":{"start":{"line":2,"column":17},"end":{"line":2,"column":56}}},"4":{"name":"(anonymous_4)","decl":{"start":{"line":3,"column":9},"end":{"line":3,"column":17}},"loc":{"start":{"line":3,"column":9},"end":{"line":3,"column":19}}},"5":{"name":"(anonymous_5)","decl":{"start":{"line":3,"column":19},"end":{"line":3,"column":35}},"loc":{"start":{"line":3,"column":19},"end":{"line":3,"column":62}}},"6":{"name":"(anonymous_6)","decl":{"start":{"line":4,"column":9},"end":{"line":4,"column":19}},"loc":{"start":{"line":4,"column":9},"end":{"line":4,"column":21}}},"7":{"name":"(anonymous_7)","decl":{"start":{"line":4,"column":21},"end":{"line":4,"column":40}},"loc":{"start":{"line":4,"column":21},"end":{"line":4,"column":70}}},"8":{"name":"(anonymous_8)","decl":{"start":{"line":6,"column":2},"end":{"line":6,"column":11}},"loc":{"start":{"line":6,"column":2},"end":{"line":6,"column":null}}},"9":{"name":"(anonymous_9)","decl":{"start":{"line":7,"column":2},"end":{"line":7,"column":19}},"loc":{"start":{"line":7,"column":2},"end":{"line":7,"column":null}}},"10":{"name":"(anonymous_10)","decl":{"start":{"line":8,"column":2},"end":{"line":8,"column":17}},"loc":{"start":{"line":8,"column":2},"end":{"line":8,"column":null}}},"11":{"name":"(anonymous_11)","decl":{"start":{"line":9,"column":2},"end":{"line":9,"column":24}},"loc":{"start":{"line":9,"column":2},"end":{"line":9,"column":null}}},"12":{"name":"(anonymous_12)","decl":{"start":{"line":11,"column":9},"end":{"line":11,"column":18}},"loc":{"start":{"line":11,"column":9},"end":{"line":11,"column":20}}},"13":{"name":"(anonymous_13)","decl":{"start":{"line":11,"column":20},"end":{"line":11,"column":37}},"loc":{"start":{"line":11,"column":20},"end":{"line":11,"column":66}}},"14":{"name":"(anonymous_14)","decl":{"start":{"line":12,"column":9},"end":{"line":12,"column":22}},"loc":{"start":{"line":12,"column":9},"end":{"line":12,"column":24}}},"15":{"name":"(anonymous_15)","decl":{"start":{"line":12,"column":24},"end":{"line":12,"column":45}},"loc":{"start":{"line":12,"column":24},"end":{"line":12,"column":78}}},"16":{"name":"(anonymous_16)","decl":{"start":{"line":14,"column":2},"end":{"line":14,"column":8}},"loc":{"start":{"line":14,"column":2},"end":{"line":14,"column":null}}},"17":{"name":"(anonymous_17)","decl":{"start":{"line":15,"column":2},"end":{"line":15,"column":16}},"loc":{"start":{"line":15,"column":2},"end":{"line":15,"column":null}}},"18":{"name":"(anonymous_18)","decl":{"start":{"line":16,"column":2},"end":{"line":16,"column":15}},"loc":{"start":{"line":16,"column":2},"end":{"line":16,"column":null}}},"19":{"name":"(anonymous_19)","decl":{"start":{"line":17,"column":2},"end":{"line":17,"column":24}},"loc":{"start":{"line":17,"column":2},"end":{"line":17,"column":null}}}},"branchMap":{},"s":{"0":3,"1":43,"2":6,"3":3,"4":12,"5":6,"6":3,"7":34,"8":6,"9":3,"10":9,"11":6,"12":3,"13"
[...]
olumn":40}},"2":{"start":{"line":3,"column":0},"end":{"line":3,"column":40}},"3":{"start":{"line":4,"column":0},"end":{"line":4,"column":null}},"4":{"start":{"line":13,"column":13},"end":{"line":22,"column":3}},"5":{"start":{"line":20,"column":22},"end":{"line":20,"column":30}},"6":{"start":{"line":24,"column":13},"end":{"line":30,"column":4}},"7":{"start":{"line":24,"column":68},"end":{"line":30,"column":2}},"8":{"start":{"line":32,"column":13},"end":{"line":45,"column":2}},"9":{"start":{"line":37,"column":24},"end":{"line":37,"column":33}},"10":{"start":{"line":40,"column":24},"end":{"line":40,"column":33}},"11":{"start":{"line":42,"column":10},"end":{"line":44,"column":4}},"12":{"start":{"line":47,"column":13},"end":{"line":56,"column":4}},"13":{"start":{"line":47,"column":77},"end":{"line":56,"column":2}}},"fnMap":{"0":{"name":"(anonymous_0)","decl":{"start":{"line":20,"column":16},"end":{"line":20,"column":19}},"loc":{"start":{"line":20,"column":22},"end":{"line":20,"column":30}}},"1":{"name":"(anonymous_1)","decl":{"start":{"line":24,"column":48},"end":{"line":24,"column":49}},"loc":{"start":{"line":24,"column":68},"end":{"line":30,"column":2}}},"2":{"name":"(anonymous_2)","decl":{"start":{"line":37,"column":18},"end":{"line":37,"column":21}},"loc":{"start":{"line":37,"column":24},"end":{"line":37,"column":33}}},"3":{"name":"(anonymous_3)","decl":{"start":{"line":40,"column":18},"end":{"line":40,"column":21}},"loc":{"start":{"line":40,"column":24},"end":{"line":40,"column":33}}},"4":{"name":"(anonymous_4)","decl":{"start":{"line":42,"column":2},"end":{"line":42,"column":3}},"loc":{"start":{"line":42,"column":10},"end":{"line":44,"column":4}}},"5":{"name":"(anonymous_5)","decl":{"start":{"line":47,"column":63},"end":{"line":47,"column":64}},"loc":{"start":{"line":47,"column":77},"end":{"line":56,"column":2}}}},"branchMap":{},"s":{"0":3,"1":3,"2":3,"3":3,"4":3,"5":0,"6":3,"7":3,"8":3,"9":0,"10":0,"11":3,"12":3,"13":3},"f":{"0":0,"1":3,"2":0,"3":0,"4":3,"5":3},"b":{}}
,"/home/sergio/Documents/feup/mesw/les/project/backend/src/models/followers.ts": {"path":"/home/sergio/Documents/feup/mesw/les/project/backend/src/models/followers.ts","statementMap":{"0":{"start":{"line":1,"column":0},"end":{"line":1,"column":38}},"1":{"start":{"line":2,"column":0},"end":{"line":2,"column":40}},"2":{"start":{"line":3,"column":0},"end":{"line":3,"column":66}},"3":{"start":{"line":5,"column":13},"end":{"line":14,"column":3}},"4":{"start":{"line":9,"column":22},"end":{"line":9,"column":30}},"5":{"start":{"line":12,"column":22},"end":{"line":12,"column":30}},"6":{"start":{"line":16,"column":13},"end":{"line":25,"column":4}},"7":{"start":{"line":16,"column":68},"end":{"line":25,"column":2}}},"fnMap":{"0":{"name":"(anonymous_0)","decl":{"start":{"line":9,"column":16},"end":{"line":9,"column":19}},"loc":{"start":{"line":9,"column":22},"end":{"line":9,"column":30}}},"1":{"name":"(anonymous_1)","decl":{"start":{"line":12,"column":16},"end":{"line":12,"column":19}},"loc":{"start":{"line":12,"column":22},"end":{"line":12,"column":30}}},"2":{"name":"(anonymous_2)","decl":{"start":{"line":16,"column":54},"end":{"line":16,"column":55}},"loc":{"start":{"line":16,"column":68},"end":{"line":25,"column":2}}}},"branchMap":{},"s":{"0":3,"1":3,"2":3,"3":3,"4":0,"5":0,"6":3,"7":3},"f":{"0":0,"1":0,"2":3},"b":{}}
,"/home/sergio/Documents/feup/mesw/les/project/backend/src/models/livestream.ts": {"path":"/home/sergio/Documents/feup/mesw/les/project/backend/src/models/livestream.ts","statementMap":{"0":{"start":{"line":1,"column":0},"end":{"line":1,"column":38}},"1":{"start":{"line":2,"column":0},"end":{"line":2,"column":40}},"2":{"start":{"line":3,"column":0},"end":{"line":3,"column":75}},"3":{"start":{"line":5,"column":13},"end":{"line":12,"column":3}},"4":{"start":{"line":9,"column":22},"end":{"line":9,"column":30}},"5":{"start":{"line":14,"column":13},"end":{"line":19,"column":4}},"6":{"start":{"line":14,"column":71},"end":{"line":19,"column":2}}},"fnMap":{"0":{"name":"(anonymous_0)","decl":{"start":{"line":9,"column":16},"end":{"line":9,"column":19}},"loc":{"start":{"line":9,"column":22},"end":{"line":9,"column":30}}},"1":{"name":"(anonymous_1)","decl":{"start":{"line":14,"column":57},"end":{"line":14,"column":58}},"loc":{"start":{"line":14,"column":71},"end":{"line":19,"column":2}}}},"branchMap":{},"s":{"0":3,"1":3,"2":3,"3":3,"4":0,"5":3,"6":3},"f":{"0":0,"1":3},"b":{}}
,"/home/sergio/Documents/feup/mesw/les/project/backend/src/models/music.ts": {"path":"/home/sergio/Documents/feup/mesw/les/project/backend/src/models/music.ts","statementMap":{"0":{"start":{"line":1,"column":0},"end":{"line":1,"column":38}},"1":{"start":{"line":2,"column":0},"end":{"line":2,"column":40}},"2":{"start":{"line":3,"column":0},"end":{"line":3,"column":null}},"3":{"start":{"line":11,"column":0},"end":{"line":11,"column":41}},"4":{"start":{"line":13,"column":13},"end":{"line":25,"column":3}},"5":{"start":{"line":23,"column":22},"end":{"line":23,"column":30}},"6":{"start":{"line":27,"column":13},"end":{"line":34,"column":4}},"7":{"start":{"line":27,"column":68},"end":{"line":34,"column":2}}},"fnMap":{"0":{"name":"(anonymous_0)","decl":{"start":{"line":23,"column":16},"end":{"line":23,"column":19}},"loc":{"start":{"line":23,"column":22},"end":{"line":23,"column":30}}},"1":{"name":"(anonymous_1)","decl":{"start":{"line":27,"column":48},"end":{"line":27,"column":49}},"loc":{"start":{"line":27,"column":68},"end":{"line":34,"column":2}}}},"branchMap":{},"s":{"0":3,"1":3,"2":3,"3":3,"4":3,"5":0,"6":3,"7":3},"f":{"0":0,"1":3},"b":{}}
,"/home/sergio/Documents/feup/mesw/les/project/backend/src/models/notifications.ts": {"path":"/home/sergio/Documents/feup/mesw/les/project/backend/src/models/notifications.ts","statementMap":{"0":{"start":{"line":1,"column":0},"end":{"line":1,"column":38}},"1":{"start":{"line":2,"column":0},"end":{"line":2,"column":40}},"2":{"start":{"line":3,"column":0},"end":{"line":3,"column":null}},"3":{"start":{"line":11,"column":13},"end":{"line":19,"column":3}},"4":{"start":{"line":15,"column":22},"end":{"line":15,"column":30}},"5":{"start":{"line":21,"column":13},"end":{"line":26,"column":4}},"6":{"start":{"line":21,"column":76},"end":{"line":26,"column":2}}},"fnMap":{"0":{"name":"(anonymous_0)","decl":{"start":{"line":15,"column":16},"end":{"line":15,"column":19}},"loc":{"start":{"line":15,"column":22},"end":{"line":15,"column":30}}},"1":{"name":"(anonymous_1)","decl":{"start":{"line":21,"column":62},"end":{"line":21,"column":63}},"loc":{"start":{"line":21,"column":76},"end":{"line":26,"column":2}}}},"branchMap":{},"s":{"0":3,"1":3,"2":3,"3":3,"4":0,"5":3,"6":3},"f":{"0":0,"1":3},"b":{}}
,"/home/sergio/Documents/feup/mesw/les/project/backend/src/models/playlist.ts": {"path":"/home/sergio/Documents/feup/mesw/les/project/backend/src/models/playlist.ts","statementMap":{"0":{"start":{"line":1,"column":0},"end":{"line":1,"column":38}},"1":{"start":{"line":2,"column":0},"end":{"line":2,"column":40}},"2":{"start":{"line":3,"column":0},"end":{"line":3,"column":40}},"3":{"start":{"line":4,"column":0},"end":{"line":4,"column":76}},"4":{"start":{"line":6,"column":13},"end":{"line":12,"column":3}},"5":{"start":{"line":11,"column":22},"end":{"line":11,"column":30}},"6":{"start":{"line":14,"column":13},"end":{"line":27,"column":2}},"7":{"start":{"line":19,"column":24},"end":{"line":19,"column":33}},"8":{"start":{"line":22,"column":24},"end":{"line":22,"column":36}},"9":{"start":{"line":24,"column":10},"end":{"line":26,"column":4}},"10":{"start":{"line":29,"column":13},"end":{"line":34,"column":4}},"11":{"start":{"line":29,"column":68},"end":{"line":34,"column":2}},"12":{"start":{"line":36,"column":13},"end":{"line":45,"column":4}},"13":{"start":{"line":36,"column":79},"end":{"line":45,"column":2}}},"fnMap":{"0":{"name":"(anonymous_0)","decl":{"start":{"line":11,"column":16},"end":{"line":11,"column":19}},"loc":{"start":{"line":11,"column":22},"end":{"line":11,"column":30}}},"1":{"name":"(anonymous_1)","decl":{"start":{"line":19,"column":18},"end":{"line":19,"column":21}},"loc":{"start":{"line":19,"column":24},"end":{"line":19,"column":33}}},"2":{"name":"(anonymous_2)","decl":{"start":{"line":22,"column":18},"end":{"line":22,"column":21}},"loc":{"start":{"line":22,"column":24},"end":{"line":22,"column":36}}},"3":{"name":"(anonymous_3)","decl":{"start":{"line":24,"column":2},"end":{"line":24,"column":3}},"loc":{"start":{"line":24,"column":10},"end":{"line":26,"column":4}}},"4":{"name":"(anonymous_4)","decl":{"start":{"line":29,"column":54},"end":{"line":29,"column":55}},"loc":{"start":{"line":29,"column":68},"end":{"line":34,"column":2}}},"5":{"name":"(anonymous_5)","decl":{"start":{"line":36,"column":65},"end":{"line":36,"column":66}},"loc":{"start":{"line":36,"column":79},"end":{"line":45,"column":2}}}},"branchMap":{},"s":{"0":3,"1":3,"2":3,"3":3,"4":3,"5":0,"6":3,"7":0,"8":0,"9":3,"10":3,"11":3,"12":3,"13":3},"f":{"0":0,"1":0,"2":0,"3":3,"4":3,"5":3},"b":{}}
,"/home/sergio/Documents/feup/mesw/les/project/backend/src/models/session.ts": {"path":"/home/sergio/Documents/feup/mesw/les/project/backend/src/models/session.ts","statementMap":{"0":{"start":{"line":1,"column":0},"end":{"line":1,"column":38}},"1":{"start":{"line":2,"column":0},"end":{"line":2,"column":40}},"2":{"start":{"line":3,"column":0},"end":{"line":3,"column":null}},"3":{"start":{"line":11,"column":13},"end":{"line":20,"column":3}},"4":{"start":{"line":15,"column":22},"end":{"line":15,"column":30}},"5":{"start":{"line":22,"column":13},"end":{"line":27,"column":4}},"6":{"start":{"line":22,"column":66},"end":{"line":27,"column":2}}},"fnMap":{"0":{"name":"(anonymous_0)","decl":{"start":{"line":15,"column":16},"end":{"line":15,"column":19}},"loc":{"start":{"line":15,"column":22},"end":{"line":15,"column":30}}},"1":{"name":"(anonymous_1)","decl":{"start":{"line":22,"column":52},"end":{"line":22,"column":53}},"loc":{"start":{"line":22,"column":66},"end":{"line":27,"column":2}}}},"branchMap":{},"s":{"0":3,"1":3,"2":3,"3":3,"4":0,"5":3,"6":3},"f":{"0":0,"1":3},"b":{}}
,"/home/sergio/Documents/feup/mesw/les/project/backend/src/models/user.ts": {"path":"/home/sergio/Documents/feup/mesw/les/project/backend/src/models/user.ts","statementMap":{"0":{"start":{"line":1,"column":0},"end":{"line":1,"column":37}},"1":{"start":{"line":2,"column":0},"end":{"line":2,"column":40}},"2":{"start":{"line":3,"column":0},"end":{"line":3,"column":null}},"3":{"start":{"line":12,"column":13},"end":{"line":33,"column":3}},"4":{"start":{"line":35,"column":13},"end":{"line":37,"column":4}},"5":{"start":{"line":35,"column":61},"end":{"line":37,"column":2}},"6":{"start":{"line":39,"column":31},"end":{"line":54,"column":1}},"7":{"start":{"line":40,"column":2},"end":{"line":53,"column":4}},"8":{"start":{"line":39,"column":13},"end":{"line":39,"column":31}},"9":{"start":{"line":56,"column":45},"end":{"line":85,"column":1}},"10":{"start":{"line":59,"column":17},"end":{"line":71,"column":4}},"11":{"start":{"line":73,"column":21},"end":{"line":73,"column":22}},"12":{"start":{"line":75,"column":2},"end":{"line":79,"column":3}},"13":{"start":{"line":76,"column":4},"end":{"line":78,"column":5}},"14":{"start":{"line":77,"column":6},"end":{"line":77,"column":21}},"15":{"start":{"line":81,"column":22},"end":{"line":81,"column":35}},"16":{"start":{"line":82,"column":21},"end":{"line":82,"column":55}},"17":{"start":{"line":84,"column":2},"end":{"line":84,"column":32}},"18":{"start":{"line":56,"column":13},"end":{"line":56,"column":45}}},"fnMap":{"0":{"name":"(anonymous_0)","decl":{"start":{"line":35,"column":46},"end":{"line":35,"column":47}},"loc":{"start":{"line":35,"column":61},"end":{"line":37,"column":2}}},"1":{"name":"(anonymous_1)","decl":{"start":{"line":39,"column":31},"end":{"line":39,"column":32}},"loc":{"start":{"line":39,"column":73},"end":{"line":54,"column":1}}},"2":{"name":"(anonymous_2)","decl":{"start":{"line":56,"column":45},"end":{"line":56,"column":null}},"loc":{"start":{"line":58,"column":12},"end":{"line":85,"column":1}}}},"branchMap":{"0":{"loc":{"start":{"line":41,"column":18},"end":{"line":41,"column":49}},"type":"binary-expr","locations":[{"start":{"line":41,"column":18},"end":{"line":41,"column":30}},{"start":{"line":41,"column":34},"end":{"line":41,"column":49}}]},"1":{"loc":{"start":{"line":43,"column":6},"end":{"line":48,"column":19}},"type":"binary-expr","locations":[{"start":{"line":43,"column":6},"end":{"line":43,"column":21}},{"start":{"line":44,"column":6},"end":{"line":44,"column":18}},{"start":{"line":45,"column":6},"end":{"line":45,"column":20}},{"start":{"line":46,"column":6},"end":{"line":46,"column":18}},{"start":{"line":47,"column":6},"end":{"line":47,"column":17}},{"start":{"line":48,"column":6},"end":{"line":48,"column":19}}]},"2":{"loc":{"start":{"line":51,"column":6},"end":{"line":51,"column":67}},"type":"binary-expr","locations":[{"start":{"line":51,"column":6},"end":{"line":51,"column":18}},{"start":{"line":51,"column":22},"end":{"line":51,"column":36}},{"start":{"line":51,"column":40},"end":{"line":51,"column":52}},{"start":{"line":51,"column":56},"end":{"line":51,"column":67}}]},"3":{"loc":{"start":{"line":76,"column":4},"end":{"line":78,"column":5}},"type":"if","locations":[{"start":{"line":76,"column":4},"end":{"line":78,"column":5}}]}},"s":{"0":3,"1":3,"2":3,"3":3,"4":3,"5":3,"6":3,"7":1,"8":3,"9":3,"10":1,"11":1,"12":1,"13":11,"14":2,"15":1,"16":1,"17":1,"18":3},"f":{"0":3,"1":1,"2":1},"b":{"0":[1,1],"1":[1,1,0,0,0,0],"2":[1,0,0,0],"3":[2]}}
,"/home/sergio/Documents/feup/mesw/les/project/backend/src/routes/album.ts": {"path":"/home/sergio/Documents/feup/mesw/les/project/backend/src/routes/album.ts","statementMap":{"0":{"start":{"line":1,"column":0},"end":{"line":1,"column":30}},"1":{"start":{"line":2,"column":0},"end":{"line":2,"column":50}},"2":{"start":{"line":3,"column":0},"end":{"line":3,"column":46}},"3":{"start":{"line":5,"column":15},"end":{"line":5,"column":31}},"4":{"start":{"line":7,"column":0},"end":{"line":7,"column":50}},"5":{"start":{"line":8,"column":0},"end":{"line":8,"column":76}},"6":{"start":{"line":10,"column":0},"end":{"line":10,"column":22}}},"fnMap":{},"branchMap":{},"s":{"0":1,"1":1,"2":1,"3":1,"4":1,"5":1,"6":1},"f":{},"b":{}}
,"/home/sergio/Documents/feup/mesw/les/project/backend/src/routes/auth.ts": {"path":"/home/sergio/Documents/feup/mesw/les/project/backend/src/routes/auth.ts","statementMap":{"0":{"start":{"line":1,"column":0},"end":{"line":1,"column":30}},"1":{"start":{"line":2,"column":0},"end":{"line":2,"column":48}},"2":{"start":{"line":3,"column":15},"end":{"line":3,"column":31}},"3":{"start":{"line":5,"column":0},"end":{"line":5,"column":46}},"4":{"start":{"line":6,"column":0},"end":{"line":6,"column":46}},"5":{"start":{"line":7,"column":0},"end":{"line":7,"column":48}},"6":{"start":{"line":9,"column":0},"end":{"line":9,"column":50}},"7":{"start":{"line":11,"column":0},"end":{"line":11,"column":22}}},"fnMap":{},"branchMap":{},"s":{"0":1,"1":1,"2":1,"3":1,"4":1,"5":1,"6":1,"7":1},"f":{},"b":{}}
,"/home/sergio/Documents/feup/mesw/les/project/backend/src/routes/followers.ts": {"path":"/home/sergio/Documents/feup/mesw/les/project/backend/src/routes/followers.ts","statementMap":{"0":{"start":{"line":1,"column":0},"end":{"line":1,"column":67}},"1":{"start":{"line":2,"column":0},"end":{"line":2,"column":30}},"2":{"start":{"line":4,"column":24},"end":{"line":4,"column":40}},"3":{"start":{"line":6,"column":0},"end":{"line":6,"column":44}},"4":{"start":{"line":7,"column":0},"end":{"line":7,"column":48}},"5":{"start":{"line":9,"column":0},"end":{"line":9,"column":31}}},"fnMap":{},"branchMap":{},"s":{"0":1,"1":1,"2":1,"3":1,"4":1,"5":1},"f":{},"b":{}}
,"/home/sergio/Documents/feup/mesw/les/project/backend/src/routes/livestream.ts": {"path":"/home/sergio/Documents/feup/mesw/les/project/backend/src/routes/livestream.ts","statementMap":{"0":{"start":{"line":1,"column":0},"end":{"line":1,"column":30}},"1":{"start":{"line":2,"column":0},"end":{"line":2,"column":60}},"2":{"start":{"line":4,"column":15},"end":{"line":4,"column":31}},"3":{"start":{"line":6,"column":0},"end":{"line":6,"column":57}},"4":{"start":{"line":7,"column":0},"end":{"line":7,"column":56}},"5":{"start":{"line":8,"column":0},"end":{"line":8,"column":60}},"6":{"start":{"line":9,"column":0},"end":{"line":9,"column":66}},"7":{"start":{"line":11,"column":0},"end":{"line":11,"column":22}}},"fnMap":{},"branchMap":{},"s":{"0":1,"1":1,"2":1,"3":1,"4":1,"5":1,"6":1,"7":1},"f":{},"b":{}}
,"/home/sergio/Documents/feup/mesw/les/project/backend/src/routes/music.ts": {"path":"/home/sergio/Documents/feup/mesw/les/project/backend/src/routes/music.ts","statementMap":{"0":{"start":{"line":1,"column":0},"end":{"line":1,"column":30}},"1":{"start":{"line":2,"column":0},"end":{"line":2,"column":50}},"2":{"start":{"line":3,"column":0},"end":{"line":3,"column":46}},"3":{"start":{"line":5,"column":15},"end":{"line":5,"column":31}},"4":{"start":{"line":7,"column":0},"end":{"line":7,"column":55}},"5":{"start":{"line":8,"column":0},"end":{"line":8,"column":54}},"6":{"start":{"line":9,"column":0},"end":{"line":9,"column":50}},"7":{"start":{"line":10,"column":0},"end":{"line":17,"column":2}},"8":{"start":{"line":18,"column":0},"end":{"line":18,"column":48}},"9":{"start":{"line":20,"column":0},"end":{"line":20,"column":22}}},"fnMap":{},"branchMap":{},"s":{"0":1,"1":1,"2":1,"3":1,"4":1,"5":1,"6":1,"7":1,"8":1,"9":1},"f":{},"b":{}}
,"/home/sergio/Documents/feup/mesw/les/project/backend/src/routes/notifications.ts": {"path":"/home/sergio/Documents/feup/mesw/les/project/backend/src/routes/notifications.ts","statementMap":{"0":{"start":{"line":1,"column":0},"end":{"line":1,"column":null}},"1":{"start":{"line":6,"column":0},"end":{"line":6,"column":30}},"2":{"start":{"line":8,"column":28},"end":{"line":8,"column":44}},"3":{"start":{"line":10,"column":0},"end":{"line":10,"column":47}},"4":{"start":{"line":11,"column":0},"end":{"line":11,"column":69}},"5":{"start":{"line":12,"column":0},"end":{"line":12,"column":68}},"6":{"start":{"line":14,"column":0},"end":{"line":14,"column":35}}},"fnMap":{},"branchMap":{},"s":{"0":2,"1":2,"2":2,"3":2,"4":2,"5":2,"6":2},"f":{},"b":{}}
,"/home/sergio/Documents/feup/mesw/les/project/backend/src/routes/playlist.ts": {"path":"/home/sergio/Documents/feup/mesw/les/project/backend/src/routes/playlist.ts","statementMap":{"0":{"start":{"line":1,"column":0},"end":{"line":1,"column":30}},"1":{"start":{"line":2,"column":0},"end":{"line":2,"column":56}},"2":{"start":{"line":4,"column":15},"end":{"line":4,"column":31}},"3":{"start":{"line":6,"column":0},"end":{"line":6,"column":48}},"4":{"start":{"line":7,"column":0},"end":{"line":7,"column":58}},"5":{"start":{"line":8,"column":0},"end":{"line":8,"column":64}},"6":{"start":{"line":9,"column":0},"end":{"line":9,"column":69}},"7":{"start":{"line":10,"column":0},"end":{"line":13,"column":2}},"8":{"start":{"line":14,"column":0},"end":{"line":17,"column":2}},"9":{"start":{"line":18,"column":0},"end":{"line":18,"column":68}},"10":{"start":{"line":20,"column":0},"end":{"line":20,"column":22}}},"fnMap":{},"branchMap":{},"s":{"0":1,"1":1,"2":1,"3":1,"4":1,"5":1,"6":1,"7":1,"8":1,"9":1,"10":1},"f":{},"b":{}}
,"/home/sergio/Documents/feup/mesw/les/project/backend/src/routes/profile.ts": {"path":"/home/sergio/Documents/feup/mesw/les/project/backend/src/routes/profile.ts","statementMap":{"0":{"start":{"line":1,"column":0},"end":{"line":1,"column":30}},"1":{"start":{"line":2,"column":0},"end":{"line":2,"column":54}},"2":{"start":{"line":3,"column":0},"end":{"line":3,"column":46}},"3":{"start":{"line":4,"column":22},"end":{"line":4,"column":38}},"4":{"start":{"line":6,"column":0},"end":{"line":6,"column":70}},"5":{"start":{"line":7,"column":0},"end":{"line":7,"column":65}},"6":{"start":{"line":8,"column":0},"end":{"line":12,"column":2}},"7":{"start":{"line":14,"column":0},"end":{"line":14,"column":29}}},"fnMap":{},"branchMap":{},"s":{"0":2,"1":2,"2":2,"3":2,"4":2,"5":2,"6":2,"7":2},"f":{},"b":{}}
}
