TN:
SF:env.ts
FNF:0
FNH:0
DA:1,3
DA:2,3
DA:4,3
DA:6,3
DA:24,3
DA:26,3
DA:27,0
DA:32,3
DA:39,3
DA:41,3
LF:10
LH:9
BRDA:26,0,0,0
BRDA:35,1,0,0
BRDA:35,1,1,3
BRDA:35,2,0,3
BRDA:35,2,1,3
BRF:5
BRH:3
end_of_record
TN:
SF:src/index.ts
FN:57,(anonymous_1)
FNF:1
FNH:1
FNDA:1,(anonymous_1)
DA:1,1
DA:2,1
DA:3,1
DA:4,1
DA:6,1
DA:7,1
DA:8,1
DA:9,1
DA:10,1
DA:11,1
DA:12,1
DA:14,1
DA:15,1
DA:17,1
DA:18,1
DA:19,1
DA:20,1
DA:22,1
DA:23,1
DA:25,1
DA:26,1
DA:27,1
DA:28,1
DA:29,1
DA:31,1
DA:38,1
DA:40,1
DA:43,1
DA:46,1
DA:48,1
DA:49,1
DA:50,1
DA:51,1
DA:52,1
DA:53,1
DA:55,1
DA:57,1
DA:58,1
DA:61,1
LF:39
LH:39
BRDA:23,0,0,1
BRDA:23,0,1,0
BRDA:23,1,0,1
BRDA:23,1,1,1
BRF:4
BRH:3
end_of_record
TN:
SF:src/config/cors.ts
FNF:0
FNH:0
DA:3,1
DA:5,1
DA:10,1
LF:3
LH:3
BRF:0
BRH:0
end_of_record
TN:
SF:src/controllers/album.ts
FN:17,(anonymous_0)
FN:80,(anonymous_1)
FN:116,(anonymous_2)
FNF:3
FNH:0
FNDA:0,(anonymous_0)
FNDA:0,(anonymous_1)
FNDA:0,(anonymous_2)
DA:2,1
DA:3,1
DA:4,1
DA:5,1
DA:7,1
DA:17,1
DA:26,0
DA:28,0
DA:30,0
DA:34,0
DA:35,0
DA:37,0
DA:40,0
DA:41,0
DA:48,0
DA:49,0
DA:50,0
DA:52,0
DA:55,0
DA:71,0
DA:74,1
DA:80,1
DA:81,0
DA:83,0
DA:84,0
DA:85,0
DA:88,0
DA:90,0
DA:92,0
DA:99,0
DA:100,0
DA:101,0
DA:104,0
DA:105,0
DA:106,0
DA:109,0
DA:111,0
DA:112,0
DA:113,0
DA:116,0
DA:117,0
DA:127,0
DA:128,0
DA:129,0
DA:132,0
DA:133,0
DA:141,0
DA:142,0
DA:143,0
DA:147,0
DA:151,1
LF:51
LH:9
BRDA:19,0,0,0
BRDA:20,1,0,0
BRDA:21,2,0,0
BRDA:22,3,0,0
BRDA:23,4,0,0
BRDA:24,5,0,0
BRDA:25,6,0,0
BRDA:34,7,0,0
BRDA:34,7,1,0
BRDA:40,8,0,0
BRDA:48,9,0,0
BRDA:56,10,0,0
BRDA:56,10,1,0
BRDA:83,11,0,0
BRDA:99,12,0,0
BRDA:104,13,0,0
BRDA:111,14,0,0
BRDA:127,15,0,0
BRDA:141,16,0,0
BRF:19
BRH:0
end_of_record
TN:
SF:src/controllers/auth.ts
FN:13,(anonymous_2)
FN:90,(anonymous_3)
FN:95,(anonymous_4)
FN:146,(anonymous_5)
FN:151,(anonymous_6)
FNF:5
FNH:4
FNDA:5,(anonymous_2)
FNDA:5,(anonymous_3)
FNDA:5,(anonymous_4)
FNDA:0,(anonymous_5)
FNDA:3,(anonymous_6)
DA:2,1
DA:3,1
DA:4,1
DA:5,1
DA:6,1
DA:8,1
DA:13,1
DA:14,5
DA:15,5
DA:17,5
DA:18,1
DA:19,1
DA:22,4
DA:24,4
DA:28,3
DA:29,1
DA:30,1
DA:33,2
DA:35,2
DA:36,1
DA:37,1
DA:41,1
DA:44,1
DA:51,1
DA:53,1
DA:55,1
DA:56,1
DA:60,1
DA:90,5
DA:95,1
DA:96,5
DA:97,5
DA:99,5
DA:100,2
DA:101,2
DA:104,3
DA:106,3
DA:110,2
DA:111,1
DA:112,1
DA:115,1
DA:117,1
DA:122,1
DA:125,1
DA:126,0
DA:127,0
DA:129,1
DA:135,1
DA:137,1
DA:141,1
DA:142,1
DA:146,1
DA:147,0
DA:148,0
DA:151,1
DA:152,3
DA:153,3
DA:176,2
DA:177,1
DA:178,1
DA:181,1
DA:183,1
DA:184,1
DA:188,1
LF:64
LH:60
BRDA:17,0,0,1
BRDA:28,1,0,1
BRDA:35,2,0,1
BRDA:99,3,0,2
BRDA:110,4,0,1
BRDA:125,5,0,0
BRDA:176,6,0,1
BRF:7
BRH:6
end_of_record
TN:
SF:src/controllers/followers.ts
FN:12,(anonymous_0)
FN:57,(anonymous_1)
FNF:2
FNH:0
FNDA:0,(anonymous_0)
FNDA:0,(anonymous_1)
DA:2,1
DA:3,1
DA:4,1
DA:5,1
DA:7,1
DA:12,1
DA:16,0
DA:18,0
DA:19,0
DA:20,0
DA:23,0
DA:25,0
DA:26,0
DA:27,0
DA:30,0
DA:35,0
DA:36,0
DA:37,0
DA:40,0
DA:47,0
DA:48,0
DA:49,0
DA:52,0
DA:54,0
DA:57,1
DA:61,0
DA:63,0
DA:64,0
DA:65,0
DA:68,0
DA:70,0
DA:71,0
DA:72,0
DA:75,0
DA:82,0
DA:83,0
DA:84,0
DA:87,0
DA:96,0
LF:39
LH:7
BRDA:18,0,0,0
BRDA:25,1,0,0
BRDA:35,2,0,0
BRDA:35,3,0,0
BRDA:35,3,1,0
BRDA:47,4,0,0
BRDA:63,5,0,0
BRDA:70,6,0,0
BRDA:82,7,0,0
BRF:9
BRH:0
end_of_record
TN:
SF:src/controllers/livestream.ts
FN:158,(anonymous_1)
FN:197,(anonymous_2)
FN:237,(anonymous_3)
FN:266,(anonymous_4)
FNF:4
FNH:0
FNDA:0,(anonymous_1)
FNDA:0,(anonymous_2)
FNDA:0,(anonymous_3)
FNDA:0,(anonymous_4)
DA:4,1
DA:5,1
DA:6,1
DA:8,1
DA:10,1
DA:150,1
DA:158,1
DA:168,0
DA:170,0
DA:172,0
DA:176,0
DA:194,0
DA:197,1
DA:198,0
DA:200,0
DA:201,0
DA:202,0
DA:205,0
DA:216,0
DA:217,0
DA:218,0
DA:221,0
DA:229,0
DA:230,0
DA:231,0
DA:234,0
DA:237,1
DA:238,0
DA:240,0
DA:241,0
DA:242,0
DA:245,0
DA:258,0
DA:259,0
DA:260,0
DA:263,0
DA:266,1
DA:267,0
DA:269,0
DA:270,0
DA:271,0
DA:274,0
DA:279,0
DA:280,0
DA:281,0
DA:284,0
DA:287,1
LF:47
LH:11
BRDA:163,0,0,0
BRDA:164,1,0,0
BRDA:165,2,0,0
BRDA:166,3,0,0
BRDA:167,4,0,0
BRDA:178,5,0,0
BRDA:178,5,1,0
BRDA:200,6,0,0
BRDA:216,7,0,0
BRDA:229,8,0,0
BRDA:240,9,0,0
BRDA:258,10,0,0
BRDA:269,11,0,0
BRDA:279,12,0,0
BRF:14
BRH:0
end_of_record
TN:
SF:src/controllers/music.ts
FN:10,(anonymous_1)
FN:42,(anonymous_2)
FN:115,(anonymous_3)
FN:180,(anonymous_4)
FN:248,(anonymous_5)
FN:257,(anonymous_6)
FNF:6
FNH:0
FNDA:0,(anonymous_1)
FNDA:0,(anonymous_2)
FNDA:0,(anonymous_3)
FNDA:0,(anonymous_4)
FNDA:0,(anonymous_5)
FNDA:0,(anonymous_6)
DA:2,1
DA:3,1
DA:4,1
DA:5,1
DA:6,1
DA:7,1
DA:8,1
DA:10,1
DA:11,0
DA:13,0
DA:14,0
DA:15,0
DA:18,0
DA:31,0
DA:32,0
DA:33,0
DA:35,0
DA:38,1
DA:42,1
DA:43,0
DA:45,0
DA:46,0
DA:47,0
DA:50,0
DA:52,0
DA:53,0
DA:54,0
DA:57,0
DA:61,0
DA:62,0
DA:63,0
DA:67,0
DA:69,0
DA:70,0
DA:71,0
DA:74,0
DA:75,0
DA:76,0
DA:78,0
DA:79,0
DA:80,0
DA:81,0
DA:83,0
DA:84,0
DA:85,0
DA:92,0
DA:93,0
DA:95,0
DA:100,0
DA:101,0
DA:105,1
DA:115,1
DA:124,0
DA:126,0
DA:128,0
DA:132,0
DA:133,0
DA:135,0
DA:138,0
DA:139,0
DA:146,0
DA:147,0
DA:148,0
DA:152,0
DA:155,0
DA:171,0
DA:174,1
DA:180,1
DA:181,0
DA:183,0
DA:184,0
DA:185,0
DA:188,0
DA:190,0
DA:197,0
DA:198,0
DA:199,0
DA:202,0
DA:203,0
DA:204,0
DA:207,0
DA:209,0
DA:210,0
DA:211,0
DA:214,0
DA:216,0
DA:227,0
DA:239,0
DA:240,0
DA:241,0
DA:244,0
DA:245,0
DA:248,1
DA:249,0
DA:257,0
DA:260,1
LF:96
LH:16
BRDA:13,0,0,0
BRDA:31,1,0,0
BRDA:45,2,0,0
BRDA:52,3,0,0
BRDA:61,4,0,0
BRDA:69,5,0,0
BRDA:78,6,0,0
BRDA:78,6,1,0
BRDA:81,7,0,0
BRDA:81,7,1,0
BRDA:117,8,0,0
BRDA:118,9,0,0
BRDA:119,10,0,0
BRDA:120,11,0,0
BRDA:121,12,0,0
BRDA:122,13,0,0
BRDA:123,14,0,0
BRDA:132,15,0,0
BRDA:132,15,1,0
BRDA:138,16,0,0
BRDA:146,17,0,0
BRDA:156,18,0,0
BRDA:156,18,1,0
BRDA:183,19,0,0
BRDA:197,20,0,0
BRDA:202,21,0,0
BRDA:209,22,0,0
BRDA:209,23,0,0
BRDA:209,23,1,0
BRDA:239,24,0,0
BRF:30
BRH:0
end_of_record
TN:
SF:src/controllers/notifications.ts
FN:6,(anonymous_0)
FN:30,(anonymous_1)
FN:42,(anonymous_2)
FN:50,(anonymous_3)
FN:87,(anonymous_4)
FNF:5
FNH:3
FNDA:1,(anonymous_0)
FNDA:0,(anonymous_1)
FNDA:0,(anonymous_2)
FNDA:1,(anonymous_3)
FNDA:1,(anonymous_4)
DA:2,2
DA:3,2
DA:4,2
DA:6,2
DA:10,1
DA:17,1
DA:18,0
DA:19,0
DA:22,1
DA:27,1
DA:30,2
DA:34,0
DA:38,0
DA:39,0
DA:42,0
DA:47,0
DA:50,2
DA:54,1
DA:57,1
DA:58,0
DA:59,0
DA:62,1
DA:64,1
DA:70,1
DA:71,0
DA:72,0
DA:75,1
DA:80,0
DA:81,0
DA:87,2
DA:91,1
DA:94,1
DA:95,0
DA:96,0
DA:99,1
DA:101,1
DA:106,1
DA:107,0
DA:108,0
DA:111,1
DA:116,0
DA:117,0
LF:42
LH:23
BRDA:17,0,0,0
BRDA:38,1,0,0
BRDA:57,2,0,0
BRDA:70,3,0,0
BRDA:94,4,0,0
BRDA:106,5,0,0
BRF:6
BRH:0
end_of_record
TN:
SF:src/controllers/playlist.ts
FN:7,(anonymous_0)
FN:32,(anonymous_1)
FN:65,(anonymous_2)
FN:103,(anonymous_3)
FN:108,(anonymous_4)
FN:125,(anonymous_5)
FN:152,(anonymous_6)
FN:178,(anonymous_7)
FNF:8
FNH:0
FNDA:0,(anonymous_0)
FNDA:0,(anonymous_1)
FNDA:0,(anonymous_2)
FNDA:0,(anonymous_3)
FNDA:0,(anonymous_4)
FNDA:0,(anonymous_5)
FNDA:0,(anonymous_6)
FNDA:0,(anonymous_7)
DA:2,1
DA:3,1
DA:4,1
DA:5,1
DA:7,1
DA:8,0
DA:12,0
DA:13,0
DA:14,0
DA:17,0
DA:29,0
DA:32,1
DA:33,0
DA:35,0
DA:36,0
DA:37,0
DA:40,0
DA:53,0
DA:54,0
DA:55,0
DA:58,0
DA:61,1
DA:65,1
DA:66,0
DA:68,0
DA:69,0
DA:70,0
DA:73,0
DA:75,0
DA:82,0
DA:83,0
DA:84,0
DA:87,0
DA:88,0
DA:89,0
DA:92,0
DA:100,0
DA:103,1
DA:104,0
DA:105,0
DA:108,1
DA:112,0
DA:122,0
DA:125,1
DA:129,0
DA:130,0
DA:131,0
DA:132,0
DA:134,0
DA:135,0
DA:143,0
DA:145,0
DA:146,0
DA:152,1
DA:156,0
DA:157,0
DA:158,0
DA:159,0
DA:161,0
DA:162,0
DA:169,0
DA:171,0
DA:172,0
DA:178,1
DA:179,0
DA:180,0
DA:186,0
DA:187,0
DA:188,0
DA:190,0
DA:191,0
DA:192,0
DA:194,0
DA:200,0
DA:201,0
DA:202,0
DA:205,0
DA:206,0
DA:213,0
DA:215,0
DA:216,0
DA:222,1
LF:82
LH:14
BRDA:12,0,0,0
BRDA:35,1,0,0
BRDA:53,2,0,0
BRDA:68,3,0,0
BRDA:82,4,0,0
BRDA:87,5,0,0
BRDA:130,6,0,0
BRDA:130,7,0,0
BRDA:130,7,1,0
BRDA:157,8,0,0
BRDA:157,9,0,0
BRDA:157,9,1,0
BRDA:186,10,0,0
BRDA:190,11,0,0
BRDA:200,12,0,0
BRDA:200,13,0,0
BRDA:200,13,1,0
BRDA:200,13,2,0
BRF:18
BRH:0
end_of_record
TN:
SF:src/controllers/profile.ts
FN:16,(anonymous_1)
FN:52,(anonymous_2)
FN:93,(anonymous_3)
FN:167,(anonymous_4)
FNF:4
FNH:3
FNDA:1,(anonymous_1)
FNDA:2,(anonymous_2)
FNDA:0,(anonymous_3)
FNDA:2,(anonymous_4)
DA:2,2
DA:3,2
DA:4,2
DA:5,2
DA:6,2
DA:7,2
DA:8,2
DA:9,2
DA:16,2
DA:20,1
DA:21,1
DA:22,1
DA:24,1
DA:26,0
DA:29,1
DA:33,0
DA:34,0
DA:40,2
DA:52,2
DA:53,2
DA:60,2
DA:61,1
DA:62,1
DA:65,1
DA:76,1
DA:78,1
DA:79,0
DA:80,0
DA:84,1
DA:85,1
DA:87,0
DA:88,0
DA:93,0
DA:94,0
DA:99,0
DA:103,1
DA:115,1
DA:116,0
DA:120,1
DA:131,1
DA:132,1
DA:133,1
DA:138,1
DA:148,1
DA:149,0
DA:150,0
DA:153,1
DA:162,0
DA:163,0
DA:167,2
DA:168,2
DA:170,2
DA:171,0
DA:172,0
DA:175,2
DA:177,2
DA:183,2
DA:184,1
DA:185,1
DA:188,1
DA:190,1
DA:198,1
DA:211,1
DA:213,0
DA:220,0
DA:224,0
DA:227,1
DA:228,1
DA:230,0
DA:231,0
DA:232,0
DA:236,2
LF:72
LH:49
BRDA:24,0,0,0
BRDA:24,0,1,1
BRDA:60,1,0,1
BRDA:78,2,0,0
BRDA:85,3,0,0
BRDA:87,4,0,0
BRDA:94,5,0,0
BRDA:104,6,0,1
BRDA:104,6,1,0
BRDA:105,7,0,1
BRDA:105,7,1,1
BRDA:106,8,0,1
BRDA:106,8,1,1
BRDA:107,9,0,1
BRDA:107,9,1,0
BRDA:108,10,0,1
BRDA:108,10,1,0
BRDA:109,11,0,1
BRDA:109,11,1,0
BRDA:110,12,0,1
BRDA:110,12,1,0
BRDA:111,13,0,1
BRDA:111,13,1,0
BRDA:115,14,0,0
BRDA:120,15,0,1
BRDA:120,15,1,1
BRDA:148,16,0,0
BRDA:170,17,0,0
BRDA:183,18,0,1
BRDA:183,19,0,2
BRDA:183,19,1,2
BRDA:211,20,0,0
BRF:32
BRH:17
end_of_record
TN:
SF:src/db/index.ts
FNF:0
FNH:0
DA:1,3
DA:2,3
DA:3,3
DA:5,3
DA:8,3
DA:12,3
LF:6
LH:6
BRDA:8,0,0,0
BRDA:8,0,1,3
BRF:2
BRH:1
end_of_record
TN:
SF:src/db/schema.ts
FN:1,(anonymous_0)
FN:1,(anonymous_1)
FN:2,(anonymous_2)
FN:2,(anonymous_3)
FN:3,(anonymous_4)
FN:3,(anonymous_5)
FN:4,(anonymous_6)
FN:4,(anonymous_7)
FN:6,(anonymous_8)
FN:7,(anonymous_9)
FN:8,(anonymous_10)
FN:9,(anonymous_11)
FN:11,(anonymous_12)
FN:11,(anonymous_13)
FN:12,(anonymous_14)
FN:12,(anonymous_15)
FN:14,(anonymous_16)
FN:15,(anonymous_17)
FN:16,(anonymous_18)
FN:17,(anonymous_19)
FNF:20
FNH:20
FNDA:40,(anonymous_0)
FNDA:3,(anonymous_1)
FNDA:9,(anonymous_2)
FNDA:3,(anonymous_3)
FNDA:31,(anonymous_4)
FNDA:3,(anonymous_5)
FNDA:6,(anonymous_6)
FNDA:3,(anonymous_7)
FNDA:7,(anonymous_8)
FNDA:3,(anonymous_9)
FNDA:6,(anonymous_10)
FNDA:3,(anonymous_11)
FNDA:15,(anonymous_12)
FNDA:3,(anonymous_13)
FNDA:21,(anonymous_14)
FNDA:3,(anonymous_15)
FNDA:6,(anonymous_16)
FNDA:3,(anonymous_17)
FNDA:6,(anonymous_18)
FNDA:3,(anonymous_19)
DA:1,43
DA:2,12
DA:3,34
DA:4,9
DA:5,3
DA:6,10
DA:7,6
DA:8,9
DA:9,6
DA:11,18
DA:12,24
DA:13,3
DA:14,9
DA:15,6
DA:16,9
DA:17,6
LF:16
LH:16
BRF:0
BRH:0
end_of_record
TN:
SF:src/middleware/auth.ts
FN:6,isAuthenticated
FNF:1
FNH:0
FNDA:0,isAuthenticated
DA:1,1
DA:2,1
DA:3,1
DA:6,1
DA:11,0
DA:16,0
DA:17,0
DA:21,0
DA:22,0
DA:25,0
LF:10
LH:4
BRDA:16,0,0,0
BRDA:21,1,0,0
BRF:2
BRH:0
end_of_record
TN:
SF:src/middleware/uploads.ts
FN:13,(anonymous_1)
FN:24,(anonymous_2)
FN:36,(anonymous_3)
FNF:3
FNH:0
FNDA:0,(anonymous_1)
FNDA:0,(anonymous_2)
FNDA:0,(anonymous_3)
DA:1,2
DA:2,2
DA:4,2
DA:10,2
DA:12,2
DA:18,0
DA:19,0
DA:22,0
DA:30,0
DA:31,0
DA:36,2
DA:41,0
DA:43,0
DA:44,0
DA:46,0
DA:48,0
DA:50,0
DA:51,0
DA:53,0
DA:56,0
DA:60,2
LF:21
LH:7
BRDA:18,0,0,0
BRDA:18,1,0,0
BRDA:18,1,1,0
BRDA:41,2,0,0
BRDA:41,2,1,0
BRDA:43,3,0,0
BRDA:43,3,1,0
BRDA:48,4,0,0
BRDA:48,4,1,0
BRDA:50,5,0,0
BRDA:50,5,1,0
BRF:11
BRH:0
end_of_record
TN:
SF:src/models/albums.ts
FN:20,(anonymous_0)
FN:24,(anonymous_1)
FN:37,(anonymous_2)
FN:40,(anonymous_3)
FN:42,(anonymous_4)
FN:47,(anonymous_5)
FNF:6
FNH:3
FNDA:0,(anonymous_0)
FNDA:3,(anonymous_1)
FNDA:0,(anonymous_2)
FNDA:0,(anonymous_3)
FNDA:3,(anonymous_4)
FNDA:3,(anonymous_5)
DA:1,3
DA:2,3
DA:3,3
DA:4,3
DA:13,3
DA:20,0
DA:24,3
DA:32,3
DA:37,0
DA:40,0
DA:42,3
DA:47,3
LF:12
LH:9
BRF:0
BRH:0
end_of_record
TN:
SF:src/models/followers.ts
FN:9,(anonymous_0)
FN:12,(anonymous_1)
FN:16,(anonymous_2)
FNF:3
FNH:1
FNDA:0,(anonymous_0)
FNDA:0,(anonymous_1)
FNDA:3,(anonymous_2)
DA:1,3
DA:2,3
DA:3,3
DA:5,3
DA:9,0
DA:12,0
DA:16,3
LF:7
LH:5
BRF:0
BRH:0
end_of_record
TN:
SF:src/models/livestream.ts
FN:9,(anonymous_0)
FN:14,(anonymous_1)
FNF:2
FNH:1
FNDA:0,(anonymous_0)
FNDA:3,(anonymous_1)
DA:1,3
DA:2,3
DA:3,3
DA:5,3
DA:9,0
DA:14,3
LF:6
LH:5
BRF:0
BRH:0
end_of_record
TN:
SF:src/models/music.ts
FN:23,(anonymous_0)
FN:27,(anonymous_1)
FNF:2
FNH:1
FNDA:0,(anonymous_0)
FNDA:3,(anonymous_1)
DA:1,3
DA:2,3
DA:3,3
DA:11,3
DA:13,3
DA:23,0
DA:27,3
LF:7
LH:6
BRF:0
BRH:0
end_of_record
TN:
SF:src/models/notifications.ts
FN:15,(anonymous_0)
FN:21,(anonymous_1)
FNF:2
FNH:1
FNDA:0,(anonymous_0)
FNDA:3,(anonymous_1)
DA:1,3
DA:2,3
DA:3,3
DA:11,3
DA:15,0
DA:21,3
LF:6
LH:5
BRF:0
BRH:0
end_of_record
TN:
SF:src/models/playlist.ts
FN:11,(anonymous_0)
FN:19,(anonymous_1)
FN:22,(anonymous_2)
FN:24,(anonymous_3)
FN:29,(anonymous_4)
FN:36,(anonymous_5)
FNF:6
FNH:3
FNDA:0,(anonymous_0)
FNDA:0,(anonymous_1)
FNDA:0,(anonymous_2)
FNDA:3,(anonymous_3)
FNDA:3,(anonymous_4)
FNDA:3,(anonymous_5)
DA:1,3
DA:2,3
DA:3,3
DA:4,3
DA:6,3
DA:11,0
DA:14,3
DA:19,0
DA:22,0
DA:24,3
DA:29,3
DA:36,3
LF:12
LH:9
BRF:0
BRH:0
end_of_record
TN:
SF:src/models/session.ts
FN:15,(anonymous_0)
FN:22,(anonymous_1)
FNF:2
FNH:1
FNDA:0,(anonymous_0)
FNDA:3,(anonymous_1)
DA:1,3
DA:2,3
DA:3,3
DA:11,3
DA:15,0
DA:22,3
LF:6
LH:5
BRF:0
BRH:0
end_of_record
TN:
SF:src/models/user.ts
FN:35,(anonymous_0)
FN:39,(anonymous_1)
FN:56,(anonymous_2)
FNF:3
FNH:3
FNDA:3,(anonymous_0)
FNDA:1,(anonymous_1)
FNDA:1,(anonymous_2)
DA:1,3
DA:2,3
DA:3,3
DA:12,3
DA:35,3
DA:39,3
DA:40,1
DA:56,3
DA:59,1
DA:73,1
DA:75,1
DA:76,11
DA:77,2
DA:81,1
DA:82,1
DA:84,1
LF:16
LH:16
BRDA:41,0,0,1
BRDA:41,0,1,1
BRDA:43,1,0,1
BRDA:43,1,1,1
BRDA:43,1,2,0
BRDA:43,1,3,0
BRDA:43,1,4,0
BRDA:43,1,5,0
BRDA:51,2,0,1
BRDA:51,2,1,0
BRDA:51,2,2,0
BRDA:51,2,3,0
BRDA:76,3,0,2
BRF:13
BRH:6
end_of_record
TN:
SF:src/routes/album.ts
FNF:0
FNH:0
DA:1,1
DA:2,1
DA:3,1
DA:5,1
DA:7,1
DA:8,1
DA:10,1
LF:7
LH:7
BRF:0
BRH:0
end_of_record
TN:
SF:src/routes/auth.ts
FNF:0
FNH:0
DA:1,1
DA:2,1
DA:3,1
DA:5,1
DA:6,1
DA:7,1
DA:9,1
DA:11,1
LF:8
LH:8
BRF:0
BRH:0
end_of_record
TN:
SF:src/routes/followers.ts
FNF:0
FNH:0
DA:1,1
DA:2,1
DA:4,1
DA:6,1
DA:7,1
DA:9,1
LF:6
LH:6
BRF:0
BRH:0
end_of_record
TN:
SF:src/routes/livestream.ts
FNF:0
FNH:0
DA:1,1
DA:2,1
DA:4,1
DA:6,1
DA:7,1
DA:8,1
DA:9,1
DA:11,1
LF:8
LH:8
BRF:0
BRH:0
end_of_record
TN:
SF:src/routes/music.ts
FNF:0
FNH:0
DA:1,1
DA:2,1
DA:3,1
DA:5,1
DA:7,1
DA:8,1
DA:9,1
DA:10,1
DA:18,1
DA:20,1
LF:10
LH:10
BRF:0
BRH:0
end_of_record
TN:
SF:src/routes/notifications.ts
FNF:0
FNH:0
DA:1,2
DA:6,2
DA:8,2
DA:10,2
DA:11,2
DA:12,2
DA:14,2
LF:7
LH:7
BRF:0
BRH:0
end_of_record
TN:
SF:src/routes/playlist.ts
FNF:0
FNH:0
DA:1,1
DA:2,1
DA:4,1
DA:6,1
DA:7,1
DA:8,1
DA:9,1
DA:10,1
DA:14,1
DA:18,1
DA:20,1
LF:11
LH:11
BRF:0
BRH:0
end_of_record
TN:
SF:src/routes/profile.ts
FNF:0
FNH:0
DA:1,2
DA:2,2
DA:3,2
DA:4,2
DA:6,2
DA:7,2
DA:8,2
DA:14,2
LF:8
LH:8
BRF:0
BRH:0
end_of_record
